#
# A fatal error has been detected by the Java Runtime Environment:
#
#  EXCEPTION_ACCESS_VIOLATION (0xc0000005) at pc=0x00007ff8bec0f3a6, pid=17356, tid=2144
#
# JRE version: Java(TM) SE Runtime Environment (21.0.1+12) (build 21.0.1+12-LTS-29)
# Java VM: Java HotSpot(TM) 64-Bit Server VM (21.0.1+12-LTS-29, mixed mode, sharing, tiered, compressed oops, compressed class ptrs, g1 gc, windows-amd64)
# Problematic frame:
# C  [jniRaylib.dll+0xdf3a6]
#
# No core dump will be written. Minidumps are not enabled by default on client versions of Windows
#
# If you would like to submit a bug report, please visit:
#   https://bugreport.java.com/bugreport/crash.jsp
# The crash happened outside the Java Virtual Machine in native code.
# See problematic frame for where to report the bug.
#

---------------  S U M M A R Y ------------

Command Line: -Dfile.encoding=UTF-8 -Duser.country=DE -Duser.language=de -Duser.variant Start

Host: AMD Ryzen 7 5700U with Radeon Graphics         , 16 cores, 15G,  Windows 11 , 64 bit Build 22621 (10.0.22621.2506)
Time: Thu Jan  4 18:36:16 2024 Mitteleuropäische Zeit elapsed time: 15.503208 seconds (0d 0h 0m 15s)

---------------  T H R E A D  ---------------

Current thread (0x00000176ce5cc2d0):  JavaThread "main"             [_thread_in_native, id=2144, stack(0x0000001bfe600000,0x0000001bfe700000) (1024K)]

Stack: [0x0000001bfe600000,0x0000001bfe700000],  sp=0x0000001bfe6ff350,  free space=1020k
Native frames: (J=compiled Java code, j=interpreted, Vv=VM code, C=native code)
C  [jniRaylib.dll+0xdf3a6]

Java frames: (J=compiled Java code, j=interpreted, Vv=VM code)
J 970  com.raylib.Raylib.DrawTexture(Lcom/raylib/Raylib$Texture;IILcom/raylib/Raylib$Color;)V (0 bytes) @ 0x00000176e00a704b [0x00000176e00a6fc0+0x000000000000008b]
j  Sprite.draw(I)V+59
j  Game.<init>()V+153
j  Start.main([Ljava/lang/String;)V+4
v  ~StubRoutines::call_stub 0x00000176df8a100d

siginfo: EXCEPTION_ACCESS_VIOLATION (0xc0000005), writing address 0x00000176fc6c9e10


Registers:
RAX=0x00000176fc6c9e10, RBX=0x0000001bfe6ff4f0, RCX=0x0000000000000000, RDX=0x0000000000000000
RSP=0x0000001bfe6ff350, RBP=0x0000000000000abd, RSI=0x0000000000000009, RDI=0x0000001bfe6ff4e0
R8 =0x00000176f5167cd0, R9 =0x0000000000000000, R10=0x00007ff86d04fcc0, R11=0x000000000000000e
R12=0x0000000000000000, R13=0x0000001bfe6ff680, R14=0x00000176fc6b5090, R15=0x00000176ce5cc2d0
RIP=0x00007ff8bec0f3a6, EFLAGS=0x0000000000010256


Register to memory mapping:

RAX=0x00000176fc6c9e10 is an unknown value
RBX=0x0000001bfe6ff4f0 is pointing into the stack for thread: 0x00000176ce5cc2d0
RCX=0x0 is null
RDX=0x0 is null
RSP=0x0000001bfe6ff350 is pointing into the stack for thread: 0x00000176ce5cc2d0
RBP=0x0000000000000abd is an unknown value
RSI=0x0000000000000009 is an unknown value
RDI=0x0000001bfe6ff4e0 is pointing into the stack for thread: 0x00000176ce5cc2d0
R8 =0x00000176f5167cd0 points into unknown readable memory: 0x0000017600002000 | 00 20 00 00 76 01 00 00
R9 =0x0 is null
R10=0x00007ff86d04fcc0 jvm.dll
R11=0x000000000000000e is an unknown value
R12=0x0 is null
R13=0x0000001bfe6ff680 is pointing into the stack for thread: 0x00000176ce5cc2d0
R14=0x00000176fc6b5090 points into unknown readable memory: 0x0000012a00000009 | 09 00 00 00 2a 01 00 00
R15=0x00000176ce5cc2d0 is a thread

Top of Stack: (sp=0x0000001bfe6ff350)
0x0000001bfe6ff350:   00000176f144f1c8 00000176ce5cc2d0
0x0000001bfe6ff360:   00000176f144f1c8 00000176ce5cc2d0
0x0000001bfe6ff370:   00000000c4c9a000 0000000000000000
0x0000001bfe6ff380:   0000000000000000 0000000000000000
0x0000001bfe6ff390:   0000000000000000 0000000000000000
0x0000001bfe6ff3a0:   0000001bfe6ff4f0 00007ff8bebd8749
0x0000001bfe6ff3b0:   0000001bfe6ff680 0000001bfe6ff680
0x0000001bfe6ff3c0:   00000176df8b96dd 00000176df8a8190
0x0000001bfe6ff3d0:   433e0000453e7000 c4e16000c4c9a000
0x0000001bfe6ff3e0:   0000001bfe6ff6e8 0000000000000000
0x0000001bfe6ff3f0:   0000000000000000 0000000000000000
0x0000001bfe6ff400:   0000000000000000 0000000000000000
0x0000001bfe6ff410:   00000000e298e2ab 0000000000000000
0x0000001bfe6ff420:   0000000000000000 0000000000000000
0x0000001bfe6ff430:   0000000000000000 0000000000000000
0x0000001bfe6ff440:   408f400000000000 0000000000000000
0x0000001bfe6ff450:   40d13bd555555554 0000000000000000
0x0000001bfe6ff460:   0000000000000000 0000000000000000
0x0000001bfe6ff470:   0000000043950000 0000000000000000
0x0000001bfe6ff480:   00000000433e0000 0000000000000000
0x0000001bfe6ff490:   0000001bfe6ff648 00000176f6d47290
0x0000001bfe6ff4a0:   00000176ce5cc688 00007ff8bebd7a31
0x0000001bfe6ff4b0:   00000176452bd000 0000000000000abd
0x0000001bfe6ff4c0:   000000000000001d 0000001bfe6ff5e0
0x0000001bfe6ff4d0:   0000017600000000 00000000ffffffff
0x0000001bfe6ff4e0:   c4e16000452bd000 433e000043950000
0x0000001bfe6ff4f0:   0000000000000000 433e000043950000
0x0000001bfe6ff500:   0000012a00000009 00000001000000be
0x0000001bfe6ff510:   0000000000000007 00007ff86c67eca9
0x0000001bfe6ff520:   3eed5a106d2cd888 0000000000000000
0x0000001bfe6ff530:   40e93a9900aec33e 0000000000000000
0x0000001bfe6ff540:   00000176ce5cc2d0 00007ff8bebd7977 

Instructions: (pc=0x00007ff8bec0f3a6)
0x00007ff8bec0f2a6:   f3 0f 59 c4 f3 0f 58 f3 f3 0f 58 d0 f3 0f 58 f1
0x00007ff8bec0f2b6:   f3 0f 10 0d da 2f 11 00 f3 41 0f 59 c8 f3 0f 58
0x00007ff8bec0f2c6:   35 c1 2f 11 00 f3 0f 58 f9 f3 0f 10 0d d1 2f 11
0x00007ff8bec0f2d6:   00 f3 41 0f 59 c8 44 0f 28 c2 f3 0f 58 3d b4 2f
0x00007ff8bec0f2e6:   11 00 f3 44 0f 58 c1 f3 44 0f 58 05 b6 2f 11 00
0x00007ff8bec0f2f6:   4c 8b 05 b3 2e 11 00 49 63 48 04 49 8b 40 08 48
0x00007ff8bec0f306:   c1 e1 06 8b 0c 01 8d 0c 8d fc ff ff ff 39 0d bf
0x00007ff8bec0f316:   2e 11 00 7e 6e 49 63 40 18 49 8b 48 10 48 03 c0
0x00007ff8bec0f326:   8b 54 c1 f0 83 fa 01 75 0b 84 54 c1 f4 75 54 8d
0x00007ff8bec0f336:   4a 02 eb 43 83 fa 04 75 20 8b 4c c1 f4 b8 56 55
0x00007ff8bec0f346:   55 55 f7 e9 8b c2 c1 e8 1f 03 d0 8d 04 52 3b c8
0x00007ff8bec0f356:   75 31 b9 04 00 00 00 eb 1e 83 fa 07 75 25 8b 44
0x00007ff8bec0f366:   c1 f4 25 03 00 00 80 7d 07 ff c8 83 c8 fc ff c0
0x00007ff8bec0f376:   85 c0 75 0f 8d 48 05 e8 7e a4 ff ff 4c 8b 05 27
0x00007ff8bec0f386:   2e 11 00 4d 63 48 04 4d 8b 40 08 8b 05 41 2e 11
0x00007ff8bec0f396:   00 49 c1 e1 06 8d 0c 40 4b 8b 44 01 08 48 63 d1
0x00007ff8bec0f3a6:   f3 0f 11 34 90 48 8b 05 fe 2d 11 00 4c 63 48 04
0x00007ff8bec0f3b6:   4c 8b 40 08 8b 05 18 2e 11 00 49 c1 e1 06 8d 0c
0x00007ff8bec0f3c6:   40 4b 8b 44 01 08 48 63 d1 f3 0f 11 7c 90 04 48
0x00007ff8bec0f3d6:   8b 05 d4 2d 11 00 4c 63 48 04 4c 8b 40 08 8b 05
0x00007ff8bec0f3e6:   ee 2d 11 00 49 c1 e1 06 8d 0c 40 4b 8b 44 01 08
0x00007ff8bec0f3f6:   48 63 d1 f3 44 0f 11 44 90 08 48 8b 05 a9 2d 11
0x00007ff8bec0f406:   00 f3 0f 10 05 cd 2d 11 00 4c 63 40 04 48 8b 50
0x00007ff8bec0f416:   08 8b 05 bb 2d 11 00 03 c0 49 c1 e0 06 48 63 c8
0x00007ff8bec0f426:   49 8b 44 10 10 f3 0f 11 04 88 48 8b 05 79 2d 11
0x00007ff8bec0f436:   00 f3 0f 10 05 a1 2d 11 00 4c 63 40 04 48 8b 50
0x00007ff8bec0f446:   08 8b 05 8b 2d 11 00 03 c0 49 c1 e0 06 48 63 c8
0x00007ff8bec0f456:   49 8b 44 10 10 f3 0f 11 44 88 04 48 8b 05 48 2d
0x00007ff8bec0f466:   11 00 4c 63 40 04 48 8b 48 08 8b 05 62 2d 11 00
0x00007ff8bec0f476:   49 c1 e0 06 8d 04 85 00 00 00 00 49 8b 4c 08 18
0x00007ff8bec0f486:   48 63 d0 0f b6 05 60 2d 11 00 88 04 0a 48 8b 05
0x00007ff8bec0f496:   16 2d 11 00 4c 63 40 04 48 8b 48 08 8b 05 30 2d 


Stack slot to memory mapping:

stack at sp + 0 slots: {method} {0x00000176f144f1d0} 'DrawTexture' '(Lcom/raylib/Raylib$Texture;IILcom/raylib/Raylib$Color;)V' in 'com/raylib/Raylib'
stack at sp + 1 slots: 0x00000176ce5cc2d0 is a thread
stack at sp + 2 slots: {method} {0x00000176f144f1d0} 'DrawTexture' '(Lcom/raylib/Raylib$Texture;IILcom/raylib/Raylib$Color;)V' in 'com/raylib/Raylib'
stack at sp + 3 slots: 0x00000176ce5cc2d0 is a thread
stack at sp + 4 slots: 0x00000000c4c9a000 is an unknown value
stack at sp + 5 slots: 0x0 is null
stack at sp + 6 slots: 0x0 is null
stack at sp + 7 slots: 0x0 is null


Compiled method (n/a)   15558  970     n 0       com.raylib.Raylib::DrawTexture (native)
 total in heap  [0x00000176e00a6e10,0x00000176e00a7218] = 1032
 relocation     [0x00000176e00a6f70,0x00000176e00a6fa8] = 56
 main code      [0x00000176e00a6fc0,0x00000176e00a720a] = 586
 stub code      [0x00000176e00a720a,0x00000176e00a7210] = 6
 oops           [0x00000176e00a7210,0x00000176e00a7218] = 8

[Constant Pool (empty)]

[MachCode]
[Entry Point]
  # {method} {0x00000176f144f1d0} 'DrawTexture' '(Lcom/raylib/Raylib$Texture;IILcom/raylib/Raylib$Color;)V' in 'com/raylib/Raylib'
  # parm0:    rdx:rdx   = 'com/raylib/Raylib$Texture'
  # parm1:    r8        = int
  # parm2:    r9        = int
  # parm3:    rdi:rdi   = 'com/raylib/Raylib$Color'
  #           [sp+0x80]  (sp of caller)
  0x00000176e00a6fc0: 448b 5208 | 49bb 0000 | 0080 7601 | 0000 4d03 | d349 3bc2 | 0f84 0600 

  0x00000176e00a6fd8: ;   {runtime_call ic_miss_stub}
  0x00000176e00a6fd8: 0000 e9a1 | 7784 ff90 
[Verified Entry Point]
  0x00000176e00a6fe0: 8984 2400 | 80ff ff55 | 488b ec48 | 83ec 7090 | 4181 7f20 | 0100 0000 

  0x00000176e00a6ff8: ;   {runtime_call StubRoutines (final stubs)}
  0x00000176e00a6ff8: 7405 e861 | dd82 ff48 | 897c 2448 | 4883 ff00 | 488d 4424 | 4848 0f44 | 4424 4848 | 8944 2428 
  0x00000176e00a7018: 4c89 4c24 | 204d 8bc8 | 4889 5424 | 3048 83fa | 004c 8d44 | 2430 4c0f | 4444 2430 

  0x00000176e00a7034: ;   {oop(a 'java/lang/Class'{0x0000000714ca1d48} = 'com/raylib/Raylib')}
  0x00000176e00a7034: 49be 481d | ca14 0700 | 0000 4c89 | 7424 604c | 8d74 2460 | 498b d6c5 

  0x00000176e00a704c: ;   {internal_word}
  0x00000176e00a704c: f877 49ba | 4b70 0ae0 | 7601 0000 | 4d89 97a0 | 0300 0049 | 89a7 9803 

  0x00000176e00a7064: ;   {external_word}
  0x00000176e00a7064: 0000 49ba | c925 036d | f87f 0000 | 4180 3a00 | 0f84 4e00 | 0000 5241 

  0x00000176e00a707c: ;   {metadata({method} {0x00000176f144f1d0} 'DrawTexture' '(Lcom/raylib/Raylib$Texture;IILcom/raylib/Raylib$Color;)V' in 'com/raylib/Raylib')}
  0x00000176e00a707c: 5041 5148 | bac8 f144 | f176 0100 | 0049 8bcf | 4883 ec20 | 40f6 c40f | 0f84 1900 | 0000 4883 
  0x00000176e00a709c: ;   {runtime_call}
  0x00000176e00a709c: ec08 48b8 | 30eb b36c | f87f 0000 | ffd0 4883 | c408 e90c 

  0x00000176e00a70b0: ;   {runtime_call}
  0x00000176e00a70b0: 0000 0048 | b830 ebb3 | 6cf8 7f00 | 00ff d048 | 83c4 2041 | 5941 585a | 498d 8fb8 | 0300 0041 
  0x00000176e00a70d0: c787 4c04 | 0000 0400 

  0x00000176e00a70d8: ;   {runtime_call}
  0x00000176e00a70d8: 0000 48b8 | 404b b7be | f87f 0000 | ffd0 c5f8 | 7741 c787 | 4c04 0000 | 0500 0000 | f083 4424 
  0x00000176e00a70f8: c000 493b | af50 0400 | 000f 870e | 0000 0041 | 83bf 4804 | 0000 000f | 8423 0000 | 00c5 f877 
  0x00000176e00a7118: 498b cf4c | 8be4 4883 | ec20 4883 

  0x00000176e00a7124: ;   {runtime_call}
  0x00000176e00a7124: e4f0 48b8 | c0be 7f6c | f87f 0000 | ffd0 498b | e44d 33e4 | 41c7 874c | 0400 0008 | 0000 0041 
  0x00000176e00a7144: 83bf c804 | 0000 020f | 8494 0000 

  0x00000176e00a7150: ;   {external_word}
  0x00000176e00a7150: 0049 bac9 | 2503 6df8 | 7f00 0041 | 803a 000f | 8444 0000 

  0x00000176e00a7164: ;   {metadata({method} {0x00000176f144f1d0} 'DrawTexture' '(Lcom/raylib/Raylib$Texture;IILcom/raylib/Raylib$Color;)V' in 'com/raylib/Raylib')}
  0x00000176e00a7164: 0048 bac8 | f144 f176 | 0100 0049 | 8bcf 4883 | ec20 40f6 | c40f 0f84 | 1900 0000 | 4883 ec08 
  0x00000176e00a7184: ;   {runtime_call}
  0x00000176e00a7184: 48b8 30eb | b36c f87f | 0000 ffd0 | 4883 c408 | e90c 0000 

  0x00000176e00a7198: ;   {runtime_call}
  0x00000176e00a7198: 0048 b830 | ebb3 6cf8 | 7f00 00ff | d048 83c4 | 2049 c787 | 9803 0000 | 0000 0000 | 49c7 87a0 
  0x00000176e00a71b8: 0300 0000 | 0000 00c5 | f877 498b | 8f28 0400 | 00c7 8100 | 0100 0000 | 0000 00c9 | 4983 7f08 
  0x00000176e00a71d8: 000f 8501 | 0000 00c3 

  0x00000176e00a71e0: ;   {runtime_call StubRoutines (initial stubs)}
  0x00000176e00a71e0: e91b 9d7f | ffc5 f877 | 4c8b e448 | 83ec 2048 

  0x00000176e00a71f0: ;   {runtime_call}
  0x00000176e00a71f0: 83e4 f048 | b860 23b4 | 6cf8 7f00 | 00ff d049 | 8be4 4d33 | e4e9 47ff | ffff f4f4 | f4f4 f4f4 
[/MachCode]


---------------  P R O C E S S  ---------------

Threads class SMR info:
_java_thread_list=0x00000176f0b02790, length=12, elements={
0x00000176ce5cc2d0, 0x00000176f010b560, 0x00000176f010c280, 0x00000176f010de50,
0x00000176f010eb10, 0x00000176f0110660, 0x00000176f011bfa0, 0x00000176f0142e70,
0x00000176f0145530, 0x00000176f0441830, 0x00000176f0443cd0, 0x00000176f046e3a0
}

Java Threads: ( => current thread )
=>0x00000176ce5cc2d0 JavaThread "main"                              [_thread_in_native, id=2144, stack(0x0000001bfe600000,0x0000001bfe700000) (1024K)]
  0x00000176f010b560 JavaThread "Reference Handler"          daemon [_thread_blocked, id=3204, stack(0x0000001bfee00000,0x0000001bfef00000) (1024K)]
  0x00000176f010c280 JavaThread "Finalizer"                  daemon [_thread_blocked, id=16716, stack(0x0000001bfef00000,0x0000001bff000000) (1024K)]
  0x00000176f010de50 JavaThread "Signal Dispatcher"          daemon [_thread_blocked, id=836, stack(0x0000001bff000000,0x0000001bff100000) (1024K)]
  0x00000176f010eb10 JavaThread "Attach Listener"            daemon [_thread_blocked, id=7600, stack(0x0000001bff100000,0x0000001bff200000) (1024K)]
  0x00000176f0110660 JavaThread "Service Thread"             daemon [_thread_blocked, id=18512, stack(0x0000001bff200000,0x0000001bff300000) (1024K)]
  0x00000176f011bfa0 JavaThread "Monitor Deflation Thread"   daemon [_thread_blocked, id=7840, stack(0x0000001bff300000,0x0000001bff400000) (1024K)]
  0x00000176f0142e70 JavaThread "C2 CompilerThread0"         daemon [_thread_blocked, id=17896, stack(0x0000001bff400000,0x0000001bff500000) (1024K)]
  0x00000176f0145530 JavaThread "C1 CompilerThread0"         daemon [_thread_blocked, id=13664, stack(0x0000001bff500000,0x0000001bff600000) (1024K)]
  0x00000176f0441830 JavaThread "Notification Thread"        daemon [_thread_blocked, id=7916, stack(0x0000001bff800000,0x0000001bff900000) (1024K)]
  0x00000176f0443cd0 JavaThread "Common-Cleaner"             daemon [_thread_blocked, id=368, stack(0x0000001bff900000,0x0000001bffa00000) (1024K)]
  0x00000176f046e3a0 JavaThread "JavaCPP Deallocator"        daemon [_thread_blocked, id=1136, stack(0x0000001bffa00000,0x0000001bffb00000) (1024K)]
Total: 12

Other Threads:
  0x00000176f00eb3f0 VMThread "VM Thread"                           [id=4116, stack(0x0000001bfed00000,0x0000001bfee00000) (1024K)]
  0x00000176f00d31f0 WatcherThread "VM Periodic Task Thread"        [id=14008, stack(0x0000001bfec00000,0x0000001bfed00000) (1024K)]
  0x00000176ce886750 WorkerThread "GC Thread#0"                     [id=16880, stack(0x0000001bfe700000,0x0000001bfe800000) (1024K)]
  0x00000176f56abc20 WorkerThread "GC Thread#1"                     [id=3828, stack(0x0000001b80200000,0x0000001b80300000) (1024K)]
  0x00000176f601f730 WorkerThread "GC Thread#2"                     [id=7800, stack(0x0000001b80300000,0x0000001b80400000) (1024K)]
  0x00000176f5cbc910 WorkerThread "GC Thread#3"                     [id=2612, stack(0x0000001b80400000,0x0000001b80500000) (1024K)]
  0x00000176f5cbccb0 WorkerThread "GC Thread#4"                     [id=11596, stack(0x0000001b80500000,0x0000001b80600000) (1024K)]
  0x00000176ce898640 ConcurrentGCThread "G1 Main Marker"            [id=396, stack(0x0000001bfe800000,0x0000001bfe900000) (1024K)]
  0x00000176ce8998e0 WorkerThread "G1 Conc#0"                       [id=13000, stack(0x0000001bfe900000,0x0000001bfea00000) (1024K)]
  0x00000176effa5db0 ConcurrentGCThread "G1 Refine#0"               [id=18332, stack(0x0000001bfea00000,0x0000001bfeb00000) (1024K)]
  0x00000176effa6730 ConcurrentGCThread "G1 Service"                [id=13820, stack(0x0000001bfeb00000,0x0000001bfec00000) (1024K)]
Total: 11

Threads with active compile tasks:
Total: 0

VM state: not at safepoint (normal execution)

VM Mutex/Monitor currently owned by a thread: None

Heap address: 0x000000070ac00000, size: 3924 MB, Compressed Oops mode: Zero based, Oop shift amount: 3

CDS archive(s) mapped at: [0x0000017680000000-0x0000017680c90000-0x0000017680c90000), size 13172736, SharedBaseAddress: 0x0000017680000000, ArchiveRelocationMode: 1.
Compressed class space mapped at: 0x0000017681000000-0x00000176c1000000, reserved size: 1073741824
Narrow klass base: 0x0000017680000000, Narrow klass shift: 0, Narrow klass range: 0x100000000

GC Precious Log:
 CardTable entry size: 512
 Card Set container configuration: InlinePtr #cards 4 size 8 Array Of Cards #cards 16 size 48 Howl #buckets 8 coarsen threshold 3686 Howl Bitmap #cards 512 size 80 coarsen threshold 460 Card regions per heap region 1 cards per card region 4096
 CPUs: 16 total, 16 available
 Memory: 15693M
 Large Page Support: Disabled
 NUMA Support: Disabled
 Compressed Oops: Enabled (Zero based)
 Heap Region Size: 2M
 Heap Min Capacity: 8M
 Heap Initial Capacity: 246M
 Heap Max Capacity: 3924M
 Pre-touch: Disabled
 Parallel Workers: 13
 Concurrent Workers: 3
 Concurrent Refinement Workers: 13
 Periodic GC: Disabled

Heap:
 garbage-first heap   total 251904K, used 145878K [0x000000070ac00000, 0x0000000800000000)
  region size 2048K, 73 young (149504K), 3 survivors (6144K)
 Metaspace       used 2260K, committed 2368K, reserved 1114112K
  class space    used 196K, committed 256K, reserved 1048576K

Heap Regions: E=young(eden), S=young(survivor), O=old, HS=humongous(starts), HC=humongous(continues), CS=collection set, F=free, TAMS=top-at-mark-start, PB=parsable bottom
|   0|0x000000070ac00000, 0x000000070ac00000, 0x000000070ae00000|  0%| F|  |TAMS 0x000000070ac00000| PB 0x000000070ac00000| Untracked 
|   1|0x000000070ae00000, 0x000000070ae00000, 0x000000070b000000|  0%| F|  |TAMS 0x000000070ae00000| PB 0x000000070ae00000| Untracked 
|   2|0x000000070b000000, 0x000000070b000000, 0x000000070b200000|  0%| F|  |TAMS 0x000000070b000000| PB 0x000000070b000000| Untracked 
|   3|0x000000070b200000, 0x000000070b200000, 0x000000070b400000|  0%| F|  |TAMS 0x000000070b200000| PB 0x000000070b200000| Untracked 
|   4|0x000000070b400000, 0x000000070b400000, 0x000000070b600000|  0%| F|  |TAMS 0x000000070b400000| PB 0x000000070b400000| Untracked 
|   5|0x000000070b600000, 0x000000070b600000, 0x000000070b800000|  0%| F|  |TAMS 0x000000070b600000| PB 0x000000070b600000| Untracked 
|   6|0x000000070b800000, 0x000000070b800000, 0x000000070ba00000|  0%| F|  |TAMS 0x000000070b800000| PB 0x000000070b800000| Untracked 
|   7|0x000000070ba00000, 0x000000070ba00000, 0x000000070bc00000|  0%| F|  |TAMS 0x000000070ba00000| PB 0x000000070ba00000| Untracked 
|   8|0x000000070bc00000, 0x000000070bc00000, 0x000000070be00000|  0%| F|  |TAMS 0x000000070bc00000| PB 0x000000070bc00000| Untracked 
|   9|0x000000070be00000, 0x000000070be00000, 0x000000070c000000|  0%| F|  |TAMS 0x000000070be00000| PB 0x000000070be00000| Untracked 
|  10|0x000000070c000000, 0x000000070c000000, 0x000000070c200000|  0%| F|  |TAMS 0x000000070c000000| PB 0x000000070c000000| Untracked 
|  11|0x000000070c200000, 0x000000070c200000, 0x000000070c400000|  0%| F|  |TAMS 0x000000070c200000| PB 0x000000070c200000| Untracked 
|  12|0x000000070c400000, 0x000000070c400000, 0x000000070c600000|  0%| F|  |TAMS 0x000000070c400000| PB 0x000000070c400000| Untracked 
|  13|0x000000070c600000, 0x000000070c600000, 0x000000070c800000|  0%| F|  |TAMS 0x000000070c600000| PB 0x000000070c600000| Untracked 
|  14|0x000000070c800000, 0x000000070c800000, 0x000000070ca00000|  0%| F|  |TAMS 0x000000070c800000| PB 0x000000070c800000| Untracked 
|  15|0x000000070ca00000, 0x000000070ca00000, 0x000000070cc00000|  0%| F|  |TAMS 0x000000070ca00000| PB 0x000000070ca00000| Untracked 
|  16|0x000000070cc00000, 0x000000070cc00000, 0x000000070ce00000|  0%| F|  |TAMS 0x000000070cc00000| PB 0x000000070cc00000| Untracked 
|  17|0x000000070ce00000, 0x000000070ce00000, 0x000000070d000000|  0%| F|  |TAMS 0x000000070ce00000| PB 0x000000070ce00000| Untracked 
|  18|0x000000070d000000, 0x000000070d000000, 0x000000070d200000|  0%| F|  |TAMS 0x000000070d000000| PB 0x000000070d000000| Untracked 
|  19|0x000000070d200000, 0x000000070d200000, 0x000000070d400000|  0%| F|  |TAMS 0x000000070d200000| PB 0x000000070d200000| Untracked 
|  20|0x000000070d400000, 0x000000070d400000, 0x000000070d600000|  0%| F|  |TAMS 0x000000070d400000| PB 0x000000070d400000| Untracked 
|  21|0x000000070d600000, 0x000000070d600000, 0x000000070d800000|  0%| F|  |TAMS 0x000000070d600000| PB 0x000000070d600000| Untracked 
|  22|0x000000070d800000, 0x000000070d800000, 0x000000070da00000|  0%| F|  |TAMS 0x000000070d800000| PB 0x000000070d800000| Untracked 
|  23|0x000000070da00000, 0x000000070da00000, 0x000000070dc00000|  0%| F|  |TAMS 0x000000070da00000| PB 0x000000070da00000| Untracked 
|  24|0x000000070dc00000, 0x000000070dc00000, 0x000000070de00000|  0%| F|  |TAMS 0x000000070dc00000| PB 0x000000070dc00000| Untracked 
|  25|0x000000070de00000, 0x000000070de00000, 0x000000070e000000|  0%| F|  |TAMS 0x000000070de00000| PB 0x000000070de00000| Untracked 
|  26|0x000000070e000000, 0x000000070e000000, 0x000000070e200000|  0%| F|  |TAMS 0x000000070e000000| PB 0x000000070e000000| Untracked 
|  27|0x000000070e200000, 0x000000070e200000, 0x000000070e400000|  0%| F|  |TAMS 0x000000070e200000| PB 0x000000070e200000| Untracked 
|  28|0x000000070e400000, 0x000000070e400000, 0x000000070e600000|  0%| F|  |TAMS 0x000000070e400000| PB 0x000000070e400000| Untracked 
|  29|0x000000070e600000, 0x000000070e600000, 0x000000070e800000|  0%| F|  |TAMS 0x000000070e600000| PB 0x000000070e600000| Untracked 
|  30|0x000000070e800000, 0x000000070e800000, 0x000000070ea00000|  0%| F|  |TAMS 0x000000070e800000| PB 0x000000070e800000| Untracked 
|  31|0x000000070ea00000, 0x000000070ea00000, 0x000000070ec00000|  0%| F|  |TAMS 0x000000070ea00000| PB 0x000000070ea00000| Untracked 
|  32|0x000000070ec00000, 0x000000070ec00000, 0x000000070ee00000|  0%| F|  |TAMS 0x000000070ec00000| PB 0x000000070ec00000| Untracked 
|  33|0x000000070ee00000, 0x000000070ee00000, 0x000000070f000000|  0%| F|  |TAMS 0x000000070ee00000| PB 0x000000070ee00000| Untracked 
|  34|0x000000070f000000, 0x000000070f000000, 0x000000070f200000|  0%| F|  |TAMS 0x000000070f000000| PB 0x000000070f000000| Untracked 
|  35|0x000000070f200000, 0x000000070f200000, 0x000000070f400000|  0%| F|  |TAMS 0x000000070f200000| PB 0x000000070f200000| Untracked 
|  36|0x000000070f400000, 0x000000070f400000, 0x000000070f600000|  0%| F|  |TAMS 0x000000070f400000| PB 0x000000070f400000| Untracked 
|  37|0x000000070f600000, 0x000000070f600000, 0x000000070f800000|  0%| F|  |TAMS 0x000000070f600000| PB 0x000000070f600000| Untracked 
|  38|0x000000070f800000, 0x000000070f800000, 0x000000070fa00000|  0%| F|  |TAMS 0x000000070f800000| PB 0x000000070f800000| Untracked 
|  39|0x000000070fa00000, 0x000000070fa00000, 0x000000070fc00000|  0%| F|  |TAMS 0x000000070fa00000| PB 0x000000070fa00000| Untracked 
|  40|0x000000070fc00000, 0x000000070fc00000, 0x000000070fe00000|  0%| F|  |TAMS 0x000000070fc00000| PB 0x000000070fc00000| Untracked 
|  41|0x000000070fe00000, 0x000000070fe00000, 0x0000000710000000|  0%| F|  |TAMS 0x000000070fe00000| PB 0x000000070fe00000| Untracked 
|  42|0x0000000710000000, 0x0000000710000000, 0x0000000710200000|  0%| F|  |TAMS 0x0000000710000000| PB 0x0000000710000000| Untracked 
|  43|0x0000000710200000, 0x0000000710200000, 0x0000000710400000|  0%| F|  |TAMS 0x0000000710200000| PB 0x0000000710200000| Untracked 
|  44|0x0000000710400000, 0x0000000710400000, 0x0000000710600000|  0%| F|  |TAMS 0x0000000710400000| PB 0x0000000710400000| Untracked 
|  45|0x0000000710600000, 0x0000000710600000, 0x0000000710800000|  0%| F|  |TAMS 0x0000000710600000| PB 0x0000000710600000| Untracked 
|  46|0x0000000710800000, 0x0000000710800000, 0x0000000710a00000|  0%| F|  |TAMS 0x0000000710800000| PB 0x0000000710800000| Untracked 
|  47|0x0000000710a00000, 0x0000000710a00000, 0x0000000710c00000|  0%| F|  |TAMS 0x0000000710a00000| PB 0x0000000710a00000| Untracked 
|  48|0x0000000710c00000, 0x0000000710c00000, 0x0000000710e00000|  0%| F|  |TAMS 0x0000000710c00000| PB 0x0000000710c00000| Untracked 
|  49|0x0000000710e00000, 0x0000000710e00000, 0x0000000711000000|  0%| F|  |TAMS 0x0000000710e00000| PB 0x0000000710e00000| Untracked 
|  50|0x0000000711000000, 0x0000000711100800, 0x0000000711200000| 50%| E|  |TAMS 0x0000000711000000| PB 0x0000000711000000| Complete 
|  51|0x0000000711200000, 0x0000000711400000, 0x0000000711400000|100%| E|CS|TAMS 0x0000000711200000| PB 0x0000000711200000| Complete 
|  52|0x0000000711400000, 0x0000000711600000, 0x0000000711600000|100%| E|CS|TAMS 0x0000000711400000| PB 0x0000000711400000| Complete 
|  53|0x0000000711600000, 0x0000000711800000, 0x0000000711800000|100%| E|CS|TAMS 0x0000000711600000| PB 0x0000000711600000| Complete 
|  54|0x0000000711800000, 0x0000000711a00000, 0x0000000711a00000|100%| E|CS|TAMS 0x0000000711800000| PB 0x0000000711800000| Complete 
|  55|0x0000000711a00000, 0x0000000711c00000, 0x0000000711c00000|100%| E|CS|TAMS 0x0000000711a00000| PB 0x0000000711a00000| Complete 
|  56|0x0000000711c00000, 0x0000000711e00000, 0x0000000711e00000|100%| E|CS|TAMS 0x0000000711c00000| PB 0x0000000711c00000| Complete 
|  57|0x0000000711e00000, 0x0000000712000000, 0x0000000712000000|100%| E|CS|TAMS 0x0000000711e00000| PB 0x0000000711e00000| Complete 
|  58|0x0000000712000000, 0x0000000712200000, 0x0000000712200000|100%| E|CS|TAMS 0x0000000712000000| PB 0x0000000712000000| Complete 
|  59|0x0000000712200000, 0x0000000712400000, 0x0000000712400000|100%| E|CS|TAMS 0x0000000712200000| PB 0x0000000712200000| Complete 
|  60|0x0000000712400000, 0x0000000712600000, 0x0000000712600000|100%| E|CS|TAMS 0x0000000712400000| PB 0x0000000712400000| Complete 
|  61|0x0000000712600000, 0x0000000712800000, 0x0000000712800000|100%| E|CS|TAMS 0x0000000712600000| PB 0x0000000712600000| Complete 
|  62|0x0000000712800000, 0x0000000712a00000, 0x0000000712a00000|100%| E|CS|TAMS 0x0000000712800000| PB 0x0000000712800000| Complete 
|  63|0x0000000712a00000, 0x0000000712c00000, 0x0000000712c00000|100%| E|CS|TAMS 0x0000000712a00000| PB 0x0000000712a00000| Complete 
|  64|0x0000000712c00000, 0x0000000712e00000, 0x0000000712e00000|100%| E|CS|TAMS 0x0000000712c00000| PB 0x0000000712c00000| Complete 
|  65|0x0000000712e00000, 0x0000000713000000, 0x0000000713000000|100%| E|CS|TAMS 0x0000000712e00000| PB 0x0000000712e00000| Complete 
|  66|0x0000000713000000, 0x0000000713200000, 0x0000000713200000|100%| E|CS|TAMS 0x0000000713000000| PB 0x0000000713000000| Complete 
|  67|0x0000000713200000, 0x0000000713400000, 0x0000000713400000|100%| E|CS|TAMS 0x0000000713200000| PB 0x0000000713200000| Complete 
|  68|0x0000000713400000, 0x0000000713600000, 0x0000000713600000|100%| E|CS|TAMS 0x0000000713400000| PB 0x0000000713400000| Complete 
|  69|0x0000000713600000, 0x0000000713800000, 0x0000000713800000|100%| E|CS|TAMS 0x0000000713600000| PB 0x0000000713600000| Complete 
|  70|0x0000000713800000, 0x0000000713a00000, 0x0000000713a00000|100%| E|CS|TAMS 0x0000000713800000| PB 0x0000000713800000| Complete 
|  71|0x0000000713a00000, 0x0000000713c00000, 0x0000000713c00000|100%| E|CS|TAMS 0x0000000713a00000| PB 0x0000000713a00000| Complete 
|  72|0x0000000713c00000, 0x0000000713e00000, 0x0000000713e00000|100%| E|CS|TAMS 0x0000000713c00000| PB 0x0000000713c00000| Complete 
|  73|0x0000000713e00000, 0x0000000714000000, 0x0000000714000000|100%| E|CS|TAMS 0x0000000713e00000| PB 0x0000000713e00000| Complete 
|  74|0x0000000714000000, 0x0000000714200000, 0x0000000714200000|100%| E|CS|TAMS 0x0000000714000000| PB 0x0000000714000000| Complete 
|  75|0x0000000714200000, 0x0000000714400000, 0x0000000714400000|100%| E|CS|TAMS 0x0000000714200000| PB 0x0000000714200000| Complete 
|  76|0x0000000714400000, 0x0000000714600000, 0x0000000714600000|100%| E|CS|TAMS 0x0000000714400000| PB 0x0000000714400000| Complete 
|  77|0x0000000714600000, 0x0000000714800000, 0x0000000714800000|100%| E|CS|TAMS 0x0000000714600000| PB 0x0000000714600000| Complete 
|  78|0x0000000714800000, 0x0000000714875b20, 0x0000000714a00000| 22%| S|CS|TAMS 0x0000000714800000| PB 0x0000000714800000| Complete 
|  79|0x0000000714a00000, 0x0000000714c00000, 0x0000000714c00000|100%| S|CS|TAMS 0x0000000714a00000| PB 0x0000000714a00000| Complete 
|  80|0x0000000714c00000, 0x0000000714e00000, 0x0000000714e00000|100%| S|CS|TAMS 0x0000000714c00000| PB 0x0000000714c00000| Complete 
|  81|0x0000000714e00000, 0x0000000715000000, 0x0000000715000000|100%| E|CS|TAMS 0x0000000714e00000| PB 0x0000000714e00000| Complete 
|  82|0x0000000715000000, 0x0000000715200000, 0x0000000715200000|100%| E|CS|TAMS 0x0000000715000000| PB 0x0000000715000000| Complete 
|  83|0x0000000715200000, 0x0000000715400000, 0x0000000715400000|100%| E|CS|TAMS 0x0000000715200000| PB 0x0000000715200000| Complete 
|  84|0x0000000715400000, 0x0000000715600000, 0x0000000715600000|100%| E|CS|TAMS 0x0000000715400000| PB 0x0000000715400000| Complete 
|  85|0x0000000715600000, 0x0000000715800000, 0x0000000715800000|100%| E|CS|TAMS 0x0000000715600000| PB 0x0000000715600000| Complete 
|  86|0x0000000715800000, 0x0000000715a00000, 0x0000000715a00000|100%| E|CS|TAMS 0x0000000715800000| PB 0x0000000715800000| Complete 
|  87|0x0000000715a00000, 0x0000000715c00000, 0x0000000715c00000|100%| E|CS|TAMS 0x0000000715a00000| PB 0x0000000715a00000| Complete 
|  88|0x0000000715c00000, 0x0000000715e00000, 0x0000000715e00000|100%| E|CS|TAMS 0x0000000715c00000| PB 0x0000000715c00000| Complete 
|  89|0x0000000715e00000, 0x0000000716000000, 0x0000000716000000|100%| E|CS|TAMS 0x0000000715e00000| PB 0x0000000715e00000| Complete 
|  90|0x0000000716000000, 0x0000000716200000, 0x0000000716200000|100%| E|CS|TAMS 0x0000000716000000| PB 0x0000000716000000| Complete 
|  91|0x0000000716200000, 0x0000000716400000, 0x0000000716400000|100%| E|CS|TAMS 0x0000000716200000| PB 0x0000000716200000| Complete 
|  92|0x0000000716400000, 0x0000000716600000, 0x0000000716600000|100%| E|CS|TAMS 0x0000000716400000| PB 0x0000000716400000| Complete 
|  93|0x0000000716600000, 0x0000000716800000, 0x0000000716800000|100%| E|CS|TAMS 0x0000000716600000| PB 0x0000000716600000| Complete 
|  94|0x0000000716800000, 0x0000000716a00000, 0x0000000716a00000|100%| E|CS|TAMS 0x0000000716800000| PB 0x0000000716800000| Complete 
|  95|0x0000000716a00000, 0x0000000716c00000, 0x0000000716c00000|100%| E|CS|TAMS 0x0000000716a00000| PB 0x0000000716a00000| Complete 
|  96|0x0000000716c00000, 0x0000000716e00000, 0x0000000716e00000|100%| E|CS|TAMS 0x0000000716c00000| PB 0x0000000716c00000| Complete 
|  97|0x0000000716e00000, 0x0000000717000000, 0x0000000717000000|100%| E|CS|TAMS 0x0000000716e00000| PB 0x0000000716e00000| Complete 
|  98|0x0000000717000000, 0x0000000717200000, 0x0000000717200000|100%| E|CS|TAMS 0x0000000717000000| PB 0x0000000717000000| Complete 
|  99|0x0000000717200000, 0x0000000717400000, 0x0000000717400000|100%| E|CS|TAMS 0x0000000717200000| PB 0x0000000717200000| Complete 
| 100|0x0000000717400000, 0x0000000717600000, 0x0000000717600000|100%| E|CS|TAMS 0x0000000717400000| PB 0x0000000717400000| Complete 
| 101|0x0000000717600000, 0x0000000717800000, 0x0000000717800000|100%| E|CS|TAMS 0x0000000717600000| PB 0x0000000717600000| Complete 
| 102|0x0000000717800000, 0x0000000717a00000, 0x0000000717a00000|100%| E|CS|TAMS 0x0000000717800000| PB 0x0000000717800000| Complete 
| 103|0x0000000717a00000, 0x0000000717c00000, 0x0000000717c00000|100%| E|CS|TAMS 0x0000000717a00000| PB 0x0000000717a00000| Complete 
| 104|0x0000000717c00000, 0x0000000717e00000, 0x0000000717e00000|100%| E|CS|TAMS 0x0000000717c00000| PB 0x0000000717c00000| Complete 
| 105|0x0000000717e00000, 0x0000000718000000, 0x0000000718000000|100%| E|CS|TAMS 0x0000000717e00000| PB 0x0000000717e00000| Complete 
| 106|0x0000000718000000, 0x0000000718200000, 0x0000000718200000|100%| E|CS|TAMS 0x0000000718000000| PB 0x0000000718000000| Complete 
| 107|0x0000000718200000, 0x0000000718400000, 0x0000000718400000|100%| E|CS|TAMS 0x0000000718200000| PB 0x0000000718200000| Complete 
| 108|0x0000000718400000, 0x0000000718600000, 0x0000000718600000|100%| E|CS|TAMS 0x0000000718400000| PB 0x0000000718400000| Complete 
| 109|0x0000000718600000, 0x0000000718800000, 0x0000000718800000|100%| E|CS|TAMS 0x0000000718600000| PB 0x0000000718600000| Complete 
| 110|0x0000000718800000, 0x0000000718a00000, 0x0000000718a00000|100%| E|CS|TAMS 0x0000000718800000| PB 0x0000000718800000| Complete 
| 111|0x0000000718a00000, 0x0000000718c00000, 0x0000000718c00000|100%| E|CS|TAMS 0x0000000718a00000| PB 0x0000000718a00000| Complete 
| 112|0x0000000718c00000, 0x0000000718e00000, 0x0000000718e00000|100%| E|CS|TAMS 0x0000000718c00000| PB 0x0000000718c00000| Complete 
| 113|0x0000000718e00000, 0x0000000719000000, 0x0000000719000000|100%| E|CS|TAMS 0x0000000718e00000| PB 0x0000000718e00000| Complete 
| 114|0x0000000719000000, 0x0000000719200000, 0x0000000719200000|100%| E|CS|TAMS 0x0000000719000000| PB 0x0000000719000000| Complete 
| 115|0x0000000719200000, 0x0000000719400000, 0x0000000719400000|100%| E|CS|TAMS 0x0000000719200000| PB 0x0000000719200000| Complete 
| 116|0x0000000719400000, 0x0000000719600000, 0x0000000719600000|100%| E|CS|TAMS 0x0000000719400000| PB 0x0000000719400000| Complete 
| 117|0x0000000719600000, 0x0000000719800000, 0x0000000719800000|100%| E|CS|TAMS 0x0000000719600000| PB 0x0000000719600000| Complete 
| 118|0x0000000719800000, 0x0000000719a00000, 0x0000000719a00000|100%| E|CS|TAMS 0x0000000719800000| PB 0x0000000719800000| Complete 
| 119|0x0000000719a00000, 0x0000000719c00000, 0x0000000719c00000|100%| E|CS|TAMS 0x0000000719a00000| PB 0x0000000719a00000| Complete 
| 120|0x0000000719c00000, 0x0000000719e00000, 0x0000000719e00000|100%| E|CS|TAMS 0x0000000719c00000| PB 0x0000000719c00000| Complete 
| 121|0x0000000719e00000, 0x000000071a000000, 0x000000071a000000|100%| E|CS|TAMS 0x0000000719e00000| PB 0x0000000719e00000| Complete 
| 122|0x000000071a000000, 0x000000071a200000, 0x000000071a200000|100%| E|CS|TAMS 0x000000071a000000| PB 0x000000071a000000| Complete 

Card table byte_map: [0x00000176e8bc0000,0x00000176e9370000] _byte_map_base: 0x00000176e536a000

Marking Bits: (CMBitMap*) 0x00000176ce886e50
 Bits: [0x00000176e9370000, 0x00000176ed0c0000)

Polling page: 0x00000176ce8f0000

Metaspace:

Usage:
  Non-class:      2.02 MB used.
      Class:    196.72 KB used.
       Both:      2.21 MB used.

Virtual space:
  Non-class space:       64.00 MB reserved,       2.06 MB (  3%) committed,  1 nodes.
      Class space:        1.00 GB reserved,     256.00 KB ( <1%) committed,  1 nodes.
             Both:        1.06 GB reserved,       2.31 MB ( <1%) committed. 

Chunk freelists:
   Non-Class:  11.14 MB
       Class:  15.64 MB
        Both:  26.78 MB

MaxMetaspaceSize: unlimited
CompressedClassSpaceSize: 1.00 GB
Initial GC threshold: 21.00 MB
Current GC threshold: 21.00 MB
CDS: on
 - commit_granule_bytes: 65536.
 - commit_granule_words: 8192.
 - virtual_space_node_default_size: 8388608.
 - enlarge_chunks_in_place: 1.
 - use_allocation_guard: 0.


Internal statistics:

num_allocs_failed_limit: 0.
num_arena_births: 26.
num_arena_deaths: 0.
num_vsnodes_births: 2.
num_vsnodes_deaths: 0.
num_space_committed: 37.
num_space_uncommitted: 0.
num_chunks_returned_to_freelist: 0.
num_chunks_taken_from_freelist: 73.
num_chunk_merges: 0.
num_chunk_splits: 49.
num_chunks_enlarged: 39.
num_inconsistent_stats: 0.

CodeHeap 'non-profiled nmethods': size=119168Kb used=795Kb max_used=795Kb free=118372Kb
 bounds [0x00000176dfff0000, 0x00000176e0260000, 0x00000176e7450000]
CodeHeap 'profiled nmethods': size=119104Kb used=1683Kb max_used=1683Kb free=117420Kb
 bounds [0x00000176d8450000, 0x00000176d86c0000, 0x00000176df8a0000]
CodeHeap 'non-nmethods': size=7488Kb used=1378Kb max_used=3110Kb free=6110Kb
 bounds [0x00000176df8a0000, 0x00000176dfbc0000, 0x00000176dfff0000]
 total_blobs=1467 nmethods=986 adapters=386
 compilation: enabled
              stopped_count=0, restarted_count=0
 full_count=0

Compilation events (20 events):
Event: 6.320 Thread 0x00000176f0142e70  975 %     4       Game::renderSinglePlayer @ 204 (665 bytes)
Event: 6.340 Thread 0x00000176f0142e70 nmethod 975% 0x00000176e00a7690 code [0x00000176e00a7a40, 0x00000176e00a8d18]
Event: 6.618 Thread 0x00000176f0145530  977       3       Player::driveStraight (9 bytes)
Event: 6.619 Thread 0x00000176f0145530 nmethod 977 0x00000176d85efb10 code [0x00000176d85efca0, 0x00000176d85efe08]
Event: 6.619 Thread 0x00000176f0145530  978       3       Util::accelerate (7 bytes)
Event: 6.619 Thread 0x00000176f0145530 nmethod 978 0x00000176d85efe90 code [0x00000176d85f0020, 0x00000176d85f0118]
Event: 6.619 Thread 0x00000176f0145530  980       3       OptionsManager::update (36 bytes)
Event: 6.619 Thread 0x00000176f0145530 nmethod 980 0x00000176d85f0190 code [0x00000176d85f0320, 0x00000176d85f0460]
Event: 6.770 Thread 0x00000176f0142e70  981       4       Game::renderSinglePlayer (665 bytes)
Event: 6.807 Thread 0x00000176f0142e70 nmethod 981 0x00000176e00aa010 code [0x00000176e00aa800, 0x00000176e00acda8]
Event: 7.553 Thread 0x00000176f0145530  982       3       Game::updateSinglePlayer (512 bytes)
Event: 7.554 Thread 0x00000176f0145530 nmethod 982 0x00000176d85f0510 code [0x00000176d85f0920, 0x00000176d85f1e40]
Event: 7.716 Thread 0x00000176f0142e70  983   !   4       java.util.concurrent.locks.AbstractQueuedSynchronizer::acquire (424 bytes)
Event: 7.732 Thread 0x00000176f0142e70 nmethod 983 0x00000176e00ae990 code [0x00000176e00aeba0, 0x00000176e00afaf0]
Event: 8.208 Thread 0x00000176f0145530  984       3       Game::renderSinglePlayer (665 bytes)
Event: 8.209 Thread 0x00000176f0145530 nmethod 984 0x00000176d85f2510 code [0x00000176d85f29c0, 0x00000176d85f41f8]
Event: 10.878 Thread 0x00000176f0142e70  985 %     4       Game::renderSinglePlayer @ 204 (665 bytes)
Event: 10.899 Thread 0x00000176f0142e70 nmethod 985% 0x00000176e00b0010 code [0x00000176e00b03c0, 0x00000176e00b16f0]
Event: 11.343 Thread 0x00000176f0142e70  986       4       Game::renderSinglePlayer (665 bytes)
Event: 11.382 Thread 0x00000176f0142e70 nmethod 986 0x00000176e00b2190 code [0x00000176e00b2980, 0x00000176e00b5010]

GC Heap History (6 events):
Event: 0.675 GC heap before
{Heap before GC invocations=0 (full 0):
 garbage-first heap   total 251904K, used 22528K [0x000000070ac00000, 0x0000000800000000)
  region size 2048K, 11 young (22528K), 0 survivors (0K)
 Metaspace       used 1574K, committed 1728K, reserved 1114112K
  class space    used 107K, committed 192K, reserved 1048576K
}
Event: 0.678 GC heap after
{Heap after GC invocations=1 (full 0):
 garbage-first heap   total 251904K, used 1515K [0x000000070ac00000, 0x0000000800000000)
  region size 2048K, 1 young (2048K), 1 survivors (2048K)
 Metaspace       used 1574K, committed 1728K, reserved 1114112K
  class space    used 107K, committed 192K, reserved 1048576K
}
Event: 4.152 GC heap before
{Heap before GC invocations=1 (full 0):
 garbage-first heap   total 251904K, used 42475K [0x000000070ac00000, 0x0000000800000000)
  region size 2048K, 21 young (43008K), 1 survivors (2048K)
 Metaspace       used 2236K, committed 2368K, reserved 1114112K
  class space    used 196K, committed 256K, reserved 1048576K
}
Event: 4.157 GC heap after
{Heap after GC invocations=2 (full 0):
 garbage-first heap   total 251904K, used 3214K [0x000000070ac00000, 0x0000000800000000)
  region size 2048K, 2 young (4096K), 2 survivors (4096K)
 Metaspace       used 2236K, committed 2368K, reserved 1114112K
  class space    used 196K, committed 256K, reserved 1048576K
}
Event: 7.706 GC heap before
{Heap before GC invocations=2 (full 0):
 garbage-first heap   total 251904K, used 85134K [0x000000070ac00000, 0x0000000800000000)
  region size 2048K, 42 young (86016K), 2 survivors (4096K)
 Metaspace       used 2260K, committed 2368K, reserved 1114112K
  class space    used 196K, committed 256K, reserved 1048576K
}
Event: 7.714 GC heap after
{Heap after GC invocations=3 (full 0):
 garbage-first heap   total 251904K, used 4566K [0x000000070ac00000, 0x0000000800000000)
  region size 2048K, 3 young (6144K), 3 survivors (6144K)
 Metaspace       used 2260K, committed 2368K, reserved 1114112K
  class space    used 196K, committed 256K, reserved 1048576K
}

Dll operation events (20 events):
Event: 0.463 Loaded shared library C:\Program Files\Java\jdk-21\bin\api-ms-win-core-rtlsupport-l1-1-0.dll
Event: 0.473 Loaded shared library C:\Program Files\Java\jdk-21\bin\api-ms-win-core-processthreads-l1-1-1.dll
Event: 0.485 Loaded shared library C:\Program Files\Java\jdk-21\bin\api-ms-win-core-file-l1-2-0.dll
Event: 0.497 Loaded shared library C:\Program Files\Java\jdk-21\bin\api-ms-win-core-profile-l1-1-0.dll
Event: 0.508 Loaded shared library C:\Program Files\Java\jdk-21\bin\api-ms-win-core-memory-l1-1-0.dll
Event: 0.522 Loaded shared library C:\Program Files\Java\jdk-21\bin\api-ms-win-core-util-l1-1-0.dll
Event: 0.533 Loaded shared library C:\Program Files\Java\jdk-21\bin\api-ms-win-core-interlocked-l1-1-0.dll
Event: 0.547 Loaded shared library C:\Program Files\Java\jdk-21\bin\ucrtbase.dll
Event: 0.564 Loaded shared library C:\Program Files\Java\jdk-21\bin\vcruntime140.dll
Event: 0.579 Loaded shared library C:\Program Files\Java\jdk-21\bin\vcruntime140_1.dll
Event: 0.594 Loaded shared library C:\Program Files\Java\jdk-21\bin\msvcp140.dll
Event: 0.610 Loaded shared library C:\Windows\System32\msvcp140_1.dll
Event: 0.622 Loaded shared library C:\Windows\System32\concrt140.dll
Event: 0.632 Loaded shared library C:\Windows\System32\vcomp140.dll
Event: 0.663 Loaded shared library C:\Windows\System32\winmm.dll
Event: 0.667 Loaded shared library C:\Windows\System32\opengl32.dll
Event: 0.669 Loaded shared library C:\Windows\System32\user32.dll
Event: 0.671 Loaded shared library C:\Windows\System32\shell32.dll
Event: 0.673 Loaded shared library C:\Windows\System32\gdi32.dll
Event: 0.714 Loaded shared library C:\Users\matte\.javacpp\cache\jaylib-4.5.0-0.jar\com\raylib\windows-x86_64\jniRaylib.dll

Deoptimization events (20 events):
Event: 4.157 Thread 0x00000176f010b560 Uncommon trap: trap_request=0xffffff45 fr.pc=0x00000176e0062560 relative=0x0000000000000040
Event: 4.157 Thread 0x00000176f010b560 Uncommon trap: reason=unstable_if action=reinterpret pc=0x00000176e0062560 method=java.util.concurrent.locks.AbstractQueuedSynchronizer.signalNext(Ljava/util/concurrent/locks/AbstractQueuedSynchronizer$Node;)V @ 1 c2
Event: 4.157 Thread 0x00000176f010b560 DEOPT PACKING pc=0x00000176e0062560 sp=0x0000001bfeeff110
Event: 4.157 Thread 0x00000176f010b560 DEOPT UNPACKING pc=0x00000176df8f46a2 sp=0x0000001bfeeff0a0 mode 2
Event: 4.157 Thread 0x00000176f010b560 Uncommon trap: trap_request=0xffffff45 fr.pc=0x00000176e0063000 relative=0x0000000000000160
Event: 4.157 Thread 0x00000176f010b560 Uncommon trap: reason=unstable_if action=reinterpret pc=0x00000176e0063000 method=java.util.concurrent.locks.ReentrantLock$NonfairSync.initialTryLock()Z @ 10 c2
Event: 4.157 Thread 0x00000176f010b560 DEOPT PACKING pc=0x00000176e0063000 sp=0x0000001bfeeff0f0
Event: 4.157 Thread 0x00000176f010b560 DEOPT UNPACKING pc=0x00000176df8f46a2 sp=0x0000001bfeeff098 mode 2
Event: 6.770 Thread 0x00000176ce5cc2d0 DEOPT PACKING pc=0x00000176d85e2c35 sp=0x0000001bfe6ff4b0
Event: 6.770 Thread 0x00000176ce5cc2d0 DEOPT UNPACKING pc=0x00000176df8f4e42 sp=0x0000001bfe6fea08 mode 0
Event: 8.191 Thread 0x00000176ce5cc2d0 Uncommon trap: trap_request=0xffffff45 fr.pc=0x00000176e00ac32c relative=0x0000000000001b2c
Event: 8.191 Thread 0x00000176ce5cc2d0 Uncommon trap: reason=unstable_if action=reinterpret pc=0x00000176e00ac32c method=Game.renderSinglePlayer()V @ 246 c2
Event: 8.191 Thread 0x00000176ce5cc2d0 DEOPT PACKING pc=0x00000176e00ac32c sp=0x0000001bfe6ff5a0
Event: 8.191 Thread 0x00000176ce5cc2d0 DEOPT UNPACKING pc=0x00000176df8f46a2 sp=0x0000001bfe6ff508 mode 2
Event: 8.208 Thread 0x00000176ce5cc2d0 Uncommon trap: trap_request=0xffffff45 fr.pc=0x00000176e00a883c relative=0x0000000000000dfc
Event: 8.208 Thread 0x00000176ce5cc2d0 Uncommon trap: reason=unstable_if action=reinterpret pc=0x00000176e00a883c method=Game.renderSinglePlayer()V @ 246 c2
Event: 8.208 Thread 0x00000176ce5cc2d0 DEOPT PACKING pc=0x00000176e00a883c sp=0x0000001bfe6ff5c0
Event: 8.208 Thread 0x00000176ce5cc2d0 DEOPT UNPACKING pc=0x00000176df8f46a2 sp=0x0000001bfe6ff508 mode 2
Event: 11.343 Thread 0x00000176ce5cc2d0 DEOPT PACKING pc=0x00000176d85f3f5d sp=0x0000001bfe6ff4b0
Event: 11.343 Thread 0x00000176ce5cc2d0 DEOPT UNPACKING pc=0x00000176df8f4e42 sp=0x0000001bfe6fea08 mode 0

Classes loaded (20 events):
Event: 0.696 Loading class java/time/zone/ZoneRulesProvider$1
Event: 0.696 Loading class java/time/zone/ZoneRulesProvider$1 done
Event: 0.696 Loading class java/time/zone/TzdbZoneRulesProvider
Event: 0.696 Loading class java/time/zone/TzdbZoneRulesProvider done
Event: 0.702 Loading class java/time/zone/Ser
Event: 0.702 Loading class java/io/Externalizable
Event: 0.702 Loading class java/io/Externalizable done
Event: 0.702 Loading class java/time/zone/Ser done
Event: 0.704 Loading class java/time/Month
Event: 0.704 Loading class java/time/Month done
Event: 0.705 Loading class java/time/DayOfWeek
Event: 0.705 Loading class java/time/DayOfWeek done
Event: 0.705 Loading class java/time/zone/ZoneOffsetTransitionRule$TimeDefinition
Event: 0.705 Loading class java/time/zone/ZoneOffsetTransitionRule$TimeDefinition done
Event: 0.706 Loading class java/time/zone/ZoneOffsetTransition
Event: 0.706 Loading class java/time/zone/ZoneOffsetTransition done
Event: 0.707 Loading class java/time/temporal/TemporalAdjusters
Event: 0.707 Loading class java/time/temporal/TemporalAdjusters done
Event: 1.153 Loading class java/lang/NoSuchFieldError
Event: 1.153 Loading class java/lang/NoSuchFieldError done

Classes unloaded (0 events):
No events

Classes redefined (0 events):
No events

Internal exceptions (8 events):
Event: 0.096 Thread 0x00000176ce5cc2d0 Exception <a 'java/lang/NoSuchMethodError'{0x0000000719ef0ef8}: 'int java.lang.invoke.DirectMethodHandle$Holder.invokeStaticInit(java.lang.Object, java.lang.Object, java.lang.Object, java.lang.Object)'> (0x0000000719ef0ef8) 
thrown [s\open\src\hotspot\share\interpreter\linkResolver.cpp, line 773]
Event: 0.098 Thread 0x00000176ce5cc2d0 Exception <a 'java/lang/NoSuchMethodError'{0x0000000719efa8f8}: 'java.lang.Object java.lang.invoke.DirectMethodHandle$Holder.invokeInterface(java.lang.Object, java.lang.Object)'> (0x0000000719efa8f8) 
thrown [s\open\src\hotspot\share\interpreter\linkResolver.cpp, line 773]
Event: 0.099 Thread 0x00000176ce5cc2d0 Exception <a 'java/lang/IncompatibleClassChangeError'{0x0000000719efdbf0}: Found class java.lang.Object, but interface was expected> (0x0000000719efdbf0) 
thrown [s\open\src\hotspot\share\interpreter\linkResolver.cpp, line 840]
Event: 0.100 Thread 0x00000176ce5cc2d0 Exception <a 'java/lang/NoSuchMethodError'{0x0000000719f007d0}: 'void java.lang.invoke.DirectMethodHandle$Holder.invokeStatic(java.lang.Object, java.lang.Object)'> (0x0000000719f007d0) 
thrown [s\open\src\hotspot\share\interpreter\linkResolver.cpp, line 773]
Event: 0.100 Thread 0x00000176ce5cc2d0 Exception <a 'java/lang/NoSuchMethodError'{0x0000000719f03ba0}: 'void java.lang.invoke.DirectMethodHandle$Holder.invokeStaticInit(java.lang.Object, java.lang.Object)'> (0x0000000719f03ba0) 
thrown [s\open\src\hotspot\share\interpreter\linkResolver.cpp, line 773]
Event: 0.102 Thread 0x00000176ce5cc2d0 Exception <a 'java/lang/NoSuchMethodError'{0x0000000719f09a00}: 'int java.lang.invoke.DirectMethodHandle$Holder.invokeStaticInit(java.lang.Object, java.lang.Object)'> (0x0000000719f09a00) 
thrown [s\open\src\hotspot\share\interpreter\linkResolver.cpp, line 773]
Event: 0.645 Thread 0x00000176ce5cc2d0 Implicit null exception at 0x00000176e005480e to 0x00000176e0055398
Event: 0.710 Thread 0x00000176ce5cc2d0 Exception <a 'java/lang/NoSuchMethodError'{0x000000071a157c58}: 'java.lang.Object java.lang.invoke.DirectMethodHandle$Holder.invokeStatic(java.lang.Object, int, java.lang.Object)'> (0x000000071a157c58) 
thrown [s\open\src\hotspot\share\interpreter\linkResolver.cpp, line 773]

ZGC Phase Switch (0 events):
No events

VM Operations (18 events):
Event: 0.071 Executing VM operation: HandshakeAllThreads (Deoptimize)
Event: 0.071 Executing VM operation: HandshakeAllThreads (Deoptimize) done
Event: 0.148 Executing VM operation: HandshakeAllThreads (Deoptimize)
Event: 0.148 Executing VM operation: HandshakeAllThreads (Deoptimize) done
Event: 0.675 Executing VM operation: G1CollectForAllocation (G1 Evacuation Pause)
Event: 0.678 Executing VM operation: G1CollectForAllocation (G1 Evacuation Pause) done
Event: 1.684 Executing VM operation: Cleanup
Event: 1.684 Executing VM operation: Cleanup done
Event: 2.684 Executing VM operation: Cleanup
Event: 2.684 Executing VM operation: Cleanup done
Event: 3.685 Executing VM operation: Cleanup
Event: 3.685 Executing VM operation: Cleanup done
Event: 4.152 Executing VM operation: G1CollectForAllocation (G1 Evacuation Pause)
Event: 4.157 Executing VM operation: G1CollectForAllocation (G1 Evacuation Pause) done
Event: 6.158 Executing VM operation: Cleanup
Event: 6.158 Executing VM operation: Cleanup done
Event: 7.706 Executing VM operation: G1CollectForAllocation (G1 Evacuation Pause)
Event: 7.714 Executing VM operation: G1CollectForAllocation (G1 Evacuation Pause) done

Events (20 events):
Event: 1.094 Thread 0x00000176f52e2ee0 Thread exited: 0x00000176f52e2ee0
Event: 1.095 Thread 0x00000176f0b6acd0 Thread exited: 0x00000176f0b6acd0
Event: 1.095 Thread 0x00000176f0b024d0 Thread exited: 0x00000176f0b024d0
Event: 2.384 Thread 0x00000176fc695f40 Thread added: 0x00000176fc695f40
Event: 2.384 Thread 0x00000176fc6c06d0 Thread added: 0x00000176fc6c06d0
Event: 2.387 Thread 0x00000176fcc77fc0 Thread added: 0x00000176fcc77fc0
Event: 2.635 Thread 0x00000176fcc77fc0 Thread exited: 0x00000176fcc77fc0
Event: 2.635 Thread 0x00000176fc6c06d0 Thread exited: 0x00000176fc6c06d0
Event: 3.049 Thread 0x00000176fc695f40 Thread exited: 0x00000176fc695f40
Event: 4.162 Thread 0x00000176fd0a1080 Thread added: 0x00000176fd0a1080
Event: 4.163 Thread 0x00000176f5190680 Thread added: 0x00000176f5190680
Event: 4.163 Thread 0x00000176fc800c60 Thread added: 0x00000176fc800c60
Event: 4.165 Thread 0x00000176fc801720 Thread added: 0x00000176fc801720
Event: 4.483 Thread 0x00000176fc801720 Thread exited: 0x00000176fc801720
Event: 4.483 Thread 0x00000176fc800c60 Thread exited: 0x00000176fc800c60
Event: 5.400 Thread 0x00000176f5190680 Thread exited: 0x00000176f5190680
Event: 5.417 Thread 0x00000176fd0a1080 Thread exited: 0x00000176fd0a1080
Event: 6.172 Thread 0x00000176f093e7b0 Thread exited: 0x00000176f093e7b0
Event: 6.185 Thread 0x00000176f0427d80 Thread exited: 0x00000176f0427d80
Event: 6.320 Thread 0x00000176f035de40 Thread exited: 0x00000176f035de40


Dynamic libraries:
0x00007ff72f780000 - 0x00007ff72f790000 	C:\Program Files\Java\jdk-21\bin\java.exe
0x00007ff91bd30000 - 0x00007ff91bf47000 	C:\WINDOWS\SYSTEM32\ntdll.dll
0x00007ff91afd0000 - 0x00007ff91b094000 	C:\WINDOWS\System32\KERNEL32.DLL
0x00007ff9196d0000 - 0x00007ff919a76000 	C:\WINDOWS\System32\KERNELBASE.dll
0x00007ff9191c0000 - 0x00007ff9192d1000 	C:\WINDOWS\System32\ucrtbase.dll
0x00007ff902760000 - 0x00007ff90277b000 	C:\Program Files\Java\jdk-21\bin\VCRUNTIME140.dll
0x00007ff902740000 - 0x00007ff902759000 	C:\Program Files\Java\jdk-21\bin\jli.dll
0x00007ff91b0a0000 - 0x00007ff91b151000 	C:\WINDOWS\System32\ADVAPI32.dll
0x00007ff91b7e0000 - 0x00007ff91b887000 	C:\WINDOWS\System32\msvcrt.dll
0x00007ff91acb0000 - 0x00007ff91ad55000 	C:\WINDOWS\System32\sechost.dll
0x00007ff91a4d0000 - 0x00007ff91a5e7000 	C:\WINDOWS\System32\RPCRT4.dll
0x00007ff91a670000 - 0x00007ff91a81e000 	C:\WINDOWS\System32\USER32.dll
0x00007ff8fe4f0000 - 0x00007ff8fe783000 	C:\WINDOWS\WinSxS\amd64_microsoft.windows.common-controls_6595b64144ccf1df_6.0.22621.2506_none_270c5ae97388e100\COMCTL32.dll
0x00007ff919360000 - 0x00007ff919386000 	C:\WINDOWS\System32\win32u.dll
0x00007ff91ade0000 - 0x00007ff91ae09000 	C:\WINDOWS\System32\GDI32.dll
0x00007ff9190a0000 - 0x00007ff9191b8000 	C:\WINDOWS\System32\gdi32full.dll
0x00007ff919500000 - 0x00007ff91959a000 	C:\WINDOWS\System32\msvcp_win.dll
0x00007ff90eba0000 - 0x00007ff90ebaa000 	C:\WINDOWS\SYSTEM32\VERSION.dll
0x00007ff91a460000 - 0x00007ff91a491000 	C:\WINDOWS\System32\IMM32.DLL
0x00007ff910c40000 - 0x00007ff910c4c000 	C:\Program Files\Java\jdk-21\bin\vcruntime140_1.dll
0x00007ff8e91c0000 - 0x00007ff8e924e000 	C:\Program Files\Java\jdk-21\bin\msvcp140.dll
0x00007ff86c410000 - 0x00007ff86d125000 	C:\Program Files\Java\jdk-21\bin\server\jvm.dll
0x00007ff91a3e0000 - 0x00007ff91a451000 	C:\WINDOWS\System32\WS2_32.dll
0x00007ff917ef0000 - 0x00007ff917f3d000 	C:\WINDOWS\SYSTEM32\POWRPROF.dll
0x00007ff910a30000 - 0x00007ff910a64000 	C:\WINDOWS\SYSTEM32\WINMM.dll
0x00007ff917ed0000 - 0x00007ff917ee3000 	C:\WINDOWS\SYSTEM32\UMPDC.dll
0x00007ff918130000 - 0x00007ff918148000 	C:\WINDOWS\SYSTEM32\kernel.appcore.dll
0x00007ff90f770000 - 0x00007ff90f77a000 	C:\Program Files\Java\jdk-21\bin\jimage.dll
0x00007ff9168b0000 - 0x00007ff916ae3000 	C:\WINDOWS\SYSTEM32\DBGHELP.DLL
0x00007ff91b260000 - 0x00007ff91b5e9000 	C:\WINDOWS\System32\combase.dll
0x00007ff91ba70000 - 0x00007ff91bb47000 	C:\WINDOWS\System32\OLEAUT32.dll
0x00007ff8fb990000 - 0x00007ff8fb9c2000 	C:\WINDOWS\SYSTEM32\dbgcore.DLL
0x00007ff9192e0000 - 0x00007ff91935a000 	C:\WINDOWS\System32\bcryptPrimitives.dll
0x00007ff8fcd20000 - 0x00007ff8fcd3f000 	C:\Program Files\Java\jdk-21\bin\java.dll
0x00007ff919b80000 - 0x00007ff91a3da000 	C:\WINDOWS\System32\SHELL32.dll
0x00007ff916f90000 - 0x00007ff917886000 	C:\WINDOWS\SYSTEM32\windows.storage.dll
0x00007ff916e50000 - 0x00007ff916f8e000 	C:\WINDOWS\SYSTEM32\wintypes.dll
0x00007ff91b600000 - 0x00007ff91b6f3000 	C:\WINDOWS\System32\SHCORE.dll
0x00007ff91a5f0000 - 0x00007ff91a64e000 	C:\WINDOWS\System32\shlwapi.dll
0x00007ff918fd0000 - 0x00007ff918ff6000 	C:\WINDOWS\SYSTEM32\profapi.dll
0x00007ff8e90e0000 - 0x00007ff8e91b7000 	C:\Program Files\Java\jdk-21\bin\jsvml.dll
0x00007ff90f6d0000 - 0x00007ff90f6e0000 	C:\Program Files\Java\jdk-21\bin\net.dll
0x00007ff9129c0000 - 0x00007ff912af7000 	C:\WINDOWS\SYSTEM32\WINHTTP.dll
0x00007ff918610000 - 0x00007ff918679000 	C:\WINDOWS\system32\mswsock.dll
0x00007ff8fc5f0000 - 0x00007ff8fc606000 	C:\Program Files\Java\jdk-21\bin\nio.dll
0x00007ff8f9300000 - 0x00007ff8f9318000 	C:\Program Files\Java\jdk-21\bin\zip.dll
0x00000176f06a0000 - 0x00000176f06a3000 	C:\Program Files\Java\jdk-21\bin\api-ms-win-crt-locale-l1-1-0.dll
0x00000176f06b0000 - 0x00000176f06b4000 	C:\Program Files\Java\jdk-21\bin\api-ms-win-crt-string-l1-1-0.dll
0x00000176f06c0000 - 0x00000176f06c4000 	C:\Program Files\Java\jdk-21\bin\api-ms-win-crt-stdio-l1-1-0.dll
0x00000176f0ed0000 - 0x00000176f0ed5000 	C:\Program Files\Java\jdk-21\bin\api-ms-win-crt-math-l1-1-0.dll
0x00000176f0ee0000 - 0x00000176f0ee3000 	C:\Program Files\Java\jdk-21\bin\api-ms-win-crt-heap-l1-1-0.dll
0x00000176f0ef0000 - 0x00000176f0ef4000 	C:\Program Files\Java\jdk-21\bin\api-ms-win-crt-runtime-l1-1-0.dll
0x00000176f0f00000 - 0x00000176f0f04000 	C:\Program Files\Java\jdk-21\bin\api-ms-win-crt-convert-l1-1-0.dll
0x00000176f0f10000 - 0x00000176f0f13000 	C:\Program Files\Java\jdk-21\bin\api-ms-win-crt-environment-l1-1-0.dll
0x00000176f0f20000 - 0x00000176f0f23000 	C:\Program Files\Java\jdk-21\bin\api-ms-win-crt-time-l1-1-0.dll
0x00000176f0f30000 - 0x00000176f0f33000 	C:\Program Files\Java\jdk-21\bin\api-ms-win-crt-filesystem-l1-1-0.dll
0x00000176f0f40000 - 0x00000176f0f43000 	C:\Program Files\Java\jdk-21\bin\api-ms-win-crt-utility-l1-1-0.dll
0x00000176f0f50000 - 0x00000176f0f55000 	C:\Program Files\Java\jdk-21\bin\api-ms-win-crt-multibyte-l1-1-0.dll
0x00000176f0f60000 - 0x00000176f0f63000 	C:\Program Files\Java\jdk-21\bin\api-ms-win-crt-conio-l1-1-0.dll
0x00000176f0f70000 - 0x00000176f0f80000 	C:\Program Files\Java\jdk-21\bin\api-ms-win-crt-private-l1-1-0.dll
0x00000176f0f80000 - 0x00000176f0f83000 	C:\Program Files\Java\jdk-21\bin\api-ms-win-crt-process-l1-1-0.dll
0x00000176f0f90000 - 0x00000176f0f93000 	C:\Program Files\Java\jdk-21\bin\api-ms-win-core-console-l1-2-0.dll
0x00000176f0fa0000 - 0x00000176f0fa3000 	C:\Program Files\Java\jdk-21\bin\api-ms-win-core-string-l1-1-0.dll
0x00000176f0fb0000 - 0x00000176f0fb3000 	C:\Program Files\Java\jdk-21\bin\api-ms-win-core-errorhandling-l1-1-0.dll
0x00000176f0fc0000 - 0x00000176f0fc3000 	C:\Program Files\Java\jdk-21\bin\api-ms-win-core-timezone-l1-1-0.dll
0x00000176f0fd0000 - 0x00000176f0fd4000 	C:\Program Files\Java\jdk-21\bin\api-ms-win-core-file-l1-1-0.dll
0x00000176f0fe0000 - 0x00000176f0fe3000 	C:\Program Files\Java\jdk-21\bin\api-ms-win-core-namedpipe-l1-1-0.dll
0x00000176f0ff0000 - 0x00000176f0ff3000 	C:\Program Files\Java\jdk-21\bin\api-ms-win-core-handle-l1-1-0.dll
0x00000176f5000000 - 0x00000176f5003000 	C:\Program Files\Java\jdk-21\bin\api-ms-win-core-file-l2-1-0.dll
0x00000176f5010000 - 0x00000176f5013000 	C:\Program Files\Java\jdk-21\bin\api-ms-win-core-heap-l1-1-0.dll
0x00000176f5020000 - 0x00000176f5023000 	C:\Program Files\Java\jdk-21\bin\api-ms-win-core-libraryloader-l1-1-0.dll
0x00000176f5030000 - 0x00000176f5033000 	C:\Program Files\Java\jdk-21\bin\api-ms-win-core-synch-l1-1-0.dll
0x00000176f5040000 - 0x00000176f5043000 	C:\Program Files\Java\jdk-21\bin\api-ms-win-core-processthreads-l1-1-0.dll
0x00000176f5050000 - 0x00000176f5053000 	C:\Program Files\Java\jdk-21\bin\api-ms-win-core-processenvironment-l1-1-0.dll
0x00000176f5060000 - 0x00000176f5063000 	C:\Program Files\Java\jdk-21\bin\api-ms-win-core-datetime-l1-1-0.dll
0x00000176f5070000 - 0x00000176f5073000 	C:\Program Files\Java\jdk-21\bin\api-ms-win-core-localization-l1-2-0.dll
0x00000176f5080000 - 0x00000176f5083000 	C:\Program Files\Java\jdk-21\bin\api-ms-win-core-sysinfo-l1-1-0.dll
0x00000176f5090000 - 0x00000176f5093000 	C:\Program Files\Java\jdk-21\bin\api-ms-win-core-synch-l1-2-0.dll
0x00000176f6070000 - 0x00000176f6073000 	C:\Program Files\Java\jdk-21\bin\api-ms-win-core-console-l1-1-0.dll
0x00000176f6080000 - 0x00000176f6083000 	C:\Program Files\Java\jdk-21\bin\api-ms-win-core-debug-l1-1-0.dll
0x00000176f6090000 - 0x00000176f6093000 	C:\Program Files\Java\jdk-21\bin\api-ms-win-core-rtlsupport-l1-1-0.dll
0x00000176f60a0000 - 0x00000176f60a3000 	C:\Program Files\Java\jdk-21\bin\api-ms-win-core-processthreads-l1-1-1.dll
0x00000176f60b0000 - 0x00000176f60b3000 	C:\Program Files\Java\jdk-21\bin\api-ms-win-core-file-l1-2-0.dll
0x00000176f60c0000 - 0x00000176f60c3000 	C:\Program Files\Java\jdk-21\bin\api-ms-win-core-profile-l1-1-0.dll
0x00000176f60d0000 - 0x00000176f60d3000 	C:\Program Files\Java\jdk-21\bin\api-ms-win-core-memory-l1-1-0.dll
0x00000176f60e0000 - 0x00000176f60e3000 	C:\Program Files\Java\jdk-21\bin\api-ms-win-core-util-l1-1-0.dll
0x00000176f70c0000 - 0x00000176f70c3000 	C:\Program Files\Java\jdk-21\bin\api-ms-win-core-interlocked-l1-1-0.dll
0x00007ff8d27a0000 - 0x00007ff8d28a0000 	C:\Program Files\Java\jdk-21\bin\ucrtbase.dll
0x00007ff90f7e0000 - 0x00007ff90f7e9000 	C:\Windows\System32\msvcp140_1.dll
0x00007ff902970000 - 0x00007ff9029be000 	C:\Windows\System32\concrt140.dll
0x00007ff902be0000 - 0x00007ff902c11000 	C:\Windows\System32\vcomp140.dll
0x00007ff8ce660000 - 0x00007ff8ce760000 	C:\Windows\System32\opengl32.dll
0x00007ff8c52c0000 - 0x00007ff8c52ed000 	C:\WINDOWS\SYSTEM32\GLU32.dll
0x00007ff9162d0000 - 0x00007ff916306000 	C:\WINDOWS\SYSTEM32\dxcore.dll
0x00007ff8beb30000 - 0x00007ff8bed4d000 	C:\Users\matte\.javacpp\cache\jaylib-4.5.0-0.jar\com\raylib\windows-x86_64\jniRaylib.dll
0x00007ff8f3690000 - 0x00007ff8f36d6000 	C:\WINDOWS\SYSTEM32\dinput8.dll
0x00007ff90f7c0000 - 0x00007ff90f7d1000 	C:\WINDOWS\SYSTEM32\xinput1_4.dll
0x00007ff918d90000 - 0x00007ff918dde000 	C:\WINDOWS\SYSTEM32\cfgmgr32.dll
0x00007ff918d60000 - 0x00007ff918d8c000 	C:\WINDOWS\SYSTEM32\DEVOBJ.dll
0x00007ff916210000 - 0x00007ff91623b000 	C:\WINDOWS\SYSTEM32\dwmapi.dll
0x00007ff902340000 - 0x00007ff90254a000 	C:\WINDOWS\SYSTEM32\inputhost.dll
0x00007ff915bb0000 - 0x00007ff915ce3000 	C:\WINDOWS\SYSTEM32\CoreMessaging.dll
0x00007ff915fd0000 - 0x00007ff91607b000 	C:\WINDOWS\system32\uxtheme.dll
0x00007ff91b890000 - 0x00007ff91b9e0000 	C:\WINDOWS\System32\MSCTF.dll
0x00007ff918880000 - 0x00007ff91888c000 	C:\WINDOWS\SYSTEM32\CRYPTBASE.DLL
0x00007ff917890000 - 0x00007ff91789e000 	C:\WINDOWS\SYSTEM32\HID.DLL
0x00007ff91a820000 - 0x00007ff91ac94000 	C:\WINDOWS\System32\SETUPAPI.DLL
0x00007ff9195a0000 - 0x00007ff91960b000 	C:\WINDOWS\System32\WINTRUST.dll
0x00007ff919390000 - 0x00007ff9194f6000 	C:\WINDOWS\System32\CRYPT32.dll
0x00007ff9188c0000 - 0x00007ff9188d2000 	C:\WINDOWS\SYSTEM32\MSASN1.dll
0x00007ff911bf0000 - 0x00007ff911c3a000 	C:\WINDOWS\SYSTEM32\directxdatabasehelper.dll
0x00007ff919a80000 - 0x00007ff919b30000 	C:\WINDOWS\System32\clbcatq.dll
0x00007ff8edc70000 - 0x00007ff8edc9c000 	C:\WINDOWS\System32\DriverStore\FileRepository\u0381040.inf_amd64_4455b7391a60ce8d\B380794\atig6pxx.dll
0x00007ff86d130000 - 0x00007ff86ff90000 	C:\WINDOWS\System32\DriverStore\FileRepository\u0381040.inf_amd64_4455b7391a60ce8d\B380794\atio6axx.dll
0x00007ff91bb50000 - 0x00007ff91bcf0000 	C:\WINDOWS\System32\ole32.dll
0x00007ff8cf8b0000 - 0x00007ff8cf8d5000 	C:\WINDOWS\SYSTEM32\dxva2.dll
0x00007ff8e7f70000 - 0x00007ff8e7faf000 	C:\WINDOWS\System32\DriverStore\FileRepository\u0381040.inf_amd64_4455b7391a60ce8d\B380794\atig6txx.dll
0x00007ff8c43f0000 - 0x00007ff8c45c0000 	C:\WINDOWS\SYSTEM32\atiadlxx.dll
0x00007ff91aca0000 - 0x00007ff91aca8000 	C:\WINDOWS\System32\PSAPI.DLL
0x00007ff916af0000 - 0x00007ff916bf1000 	C:\WINDOWS\SYSTEM32\PROPSYS.dll
0x00007ff8cf860000 - 0x00007ff8cf8b0000 	C:\WINDOWS\SYSTEM32\pdh.dll
0x00007ff903100000 - 0x00007ff90324a000 	C:\WINDOWS\SYSTEM32\textinputframework.dll
0x00007ff8fcc10000 - 0x00007ff8fcc79000 	C:\WINDOWS\system32\Oleacc.dll
0x00007ff910d70000 - 0x00007ff9110dc000 	C:\WINDOWS\SYSTEM32\CoreUIComponents.dll

dbghelp: loaded successfully - version: 4.0.5 - missing functions: none
symbol engine: initialized successfully - sym options: 0x614 - pdb path: .;C:\Program Files\Java\jdk-21\bin;C:\WINDOWS\SYSTEM32;C:\WINDOWS\WinSxS\amd64_microsoft.windows.common-controls_6595b64144ccf1df_6.0.22621.2506_none_270c5ae97388e100;C:\Program Files\Java\jdk-21\bin\server;C:\Users\matte\.javacpp\cache\jaylib-4.5.0-0.jar\com\raylib\windows-x86_64;C:\WINDOWS\System32\DriverStore\FileRepository\u0381040.inf_amd64_4455b7391a60ce8d\B380794

VM Arguments:
jvm_args: -Dfile.encoding=UTF-8 -Duser.country=DE -Duser.language=de -Duser.variant 
java_command: Start
java_class_path (initial): C:\Users\matte\Documents\GitHub\Java-Client\app\build\classes\java\main;C:\Users\matte\Documents\GitHub\Java-Client\app\build\resources\main;C:\Users\matte\.gradle\caches\modules-2\files-2.1\uk.co.electronstudio.jaylib\jaylib\4.5.0-0\90c0d608df9bbd32f5f34683acc58cb433e94508\jaylib-4.5.0-0.jar;C:\Users\matte\.gradle\caches\modules-2\files-2.1\com.google.guava\guava\31.1-jre\60458f877d055d0c9114d9e1a2efb737b4bc282c\guava-31.1-jre.jar;C:\Users\matte\.gradle\caches\modules-2\files-2.1\com.google.guava\failureaccess\1.0.1\1dcf1de382a0bf95a3d8b0849546c88bac1292c9\failureaccess-1.0.1.jar;C:\Users\matte\.gradle\caches\modules-2\files-2.1\com.google.guava\listenablefuture\9999.0-empty-to-avoid-conflict-with-guava\b421526c5f297295adef1c886e5246c39d4ac629\listenablefuture-9999.0-empty-to-avoid-conflict-with-guava.jar;C:\Users\matte\.gradle\caches\modules-2\files-2.1\com.google.code.findbugs\jsr305\3.0.2\25ea2e8b0c338a877313bd4672d3fe056ea78f0d\jsr305-3.0.2.jar;C:\Users\matte\.gradle\caches\modules-2\files-2.1\org.checkerframework\checker-qual\3.12.0\d5692f0526415fcc6de94bb5bfbd3afd9dd3b3e5\checker-qual-3.12.0.jar;C:\Users\matte\.gradle\caches\modules-2\files-2.1\com.google.errorprone\error_prone_annotations\2.11.0\c5a0ace696d3f8b1c1d8cc036d8c03cc0cbe6b69\error_prone_annotations-2.11.0.jar;C:\Users\matte\.gradle\caches\modules-2\files-2.1\com.google.j2objc\j2objc-annotations\1.3\ba035118bc8bac37d7eff77700720999acd9986d\j2objc-annotations-1.3.jar
Launcher Type: SUN_STANDARD

[Global flags]
     intx CICompilerCount                          = 12                                        {product} {ergonomic}
     uint ConcGCThreads                            = 3                                         {product} {ergonomic}
     uint G1ConcRefinementThreads                  = 13                                        {product} {ergonomic}
   size_t G1HeapRegionSize                         = 2097152                                   {product} {ergonomic}
    uintx GCDrainStackTargetSize                   = 64                                        {product} {ergonomic}
   size_t InitialHeapSize                          = 257949696                                 {product} {ergonomic}
   size_t MarkStackSize                            = 4194304                                   {product} {ergonomic}
   size_t MaxHeapSize                              = 4114612224                                {product} {ergonomic}
   size_t MaxNewSize                               = 2468347904                                {product} {ergonomic}
   size_t MinHeapDeltaBytes                        = 2097152                                   {product} {ergonomic}
   size_t MinHeapSize                              = 8388608                                   {product} {ergonomic}
    uintx NonNMethodCodeHeapSize                   = 7602480                                {pd product} {ergonomic}
    uintx NonProfiledCodeHeapSize                  = 122027880                              {pd product} {ergonomic}
    uintx ProfiledCodeHeapSize                     = 122027880                              {pd product} {ergonomic}
    uintx ReservedCodeCacheSize                    = 251658240                              {pd product} {ergonomic}
     bool SegmentedCodeCache                       = true                                      {product} {ergonomic}
   size_t SoftMaxHeapSize                          = 4114612224                             {manageable} {ergonomic}
     bool UseCompressedOops                        = true                           {product lp64_product} {ergonomic}
     bool UseG1GC                                  = true                                      {product} {ergonomic}
     bool UseLargePagesIndividualAllocation        = false                                  {pd product} {ergonomic}

Logging:
Log output configuration:
 #0: stdout all=warning uptime,level,tags foldmultilines=false
 #1: stderr all=off uptime,level,tags foldmultilines=false

Environment Variables:
JAVA_HOME=C:\Program Files\Java\jdk-21
CLASSPATH=C:\Users\matte\Documents\GitHub\Java-Client\\gradle\wrapper\gradle-wrapper.jar
PATH=C:\Program Files\Common Files\Oracle\Java\javapath;C:\Program Files (x86)\VMware\VMware Player\bin\;C:\WINDOWS\system32;C:\WINDOWS;C:\WINDOWS\System32\Wbem;C:\WINDOWS\System32\WindowsPowerShell\v1.0\;C:\WINDOWS\System32\OpenSSH\;C:\Program Files\Git\cmd;C:\Users\matte\Downloads\gcc-13.2.0-no-debug\bin;C:\Program Files\Docker\Docker\resources\bin;C:\Program Files\nodejs\;C:\Program Files\dotnet\;C:\Users\matte\AppData\Local\Microsoft\WindowsApps;C:\Users\matte\AppData\Local\GitHubDesktop\bin;C:\Users\matte\AppData\Local\Programs\Microsoft VS Code\bin;C:\Users\matte\Downloads\gcc-13.2.0-no-debug\bin;C:\Users\matte\AppData\Roaming\npm;C:\Users\matte\.dotnet\tools
USERNAME=matte
OS=Windows_NT
PROCESSOR_IDENTIFIER=AMD64 Family 23 Model 104 Stepping 1, AuthenticAMD
TMP=C:\Users\matte\AppData\Local\Temp
TEMP=C:\Users\matte\AppData\Local\Temp




Periodic native trim disabled

---------------  S Y S T E M  ---------------

OS:
 Windows 11 , 64 bit Build 22621 (10.0.22621.2506)
OS uptime: 1 days 10:11 hours
Hyper-V role detected

CPU: total 16 (initial active 16) (16 cores per cpu, 2 threads per core) family 23 model 104 stepping 1 microcode 0x0, cx8, cmov, fxsr, ht, mmx, 3dnowpref, sse, sse2, sse3, ssse3, sse4a, sse4.1, sse4.2, popcnt, lzcnt, tsc, tscinvbit, avx, avx2, aes, clmul, bmi1, bmi2, adx, sha, fma, vzeroupper, clflush, clflushopt, hv, rdtscp, rdpid, f16c
Processor Information for all 16 processors :
  Max Mhz: 1801, Current Mhz: 1801, Mhz Limit: 1801

Memory: 4k page, system-wide physical 15693M (5129M free)
TotalPageFile size 18125M (AvailPageFile size 3349M)
current process WorkingSet (physical memory assigned to process): 239M, peak: 255M
current process commit charge ("private bytes"): 450M, peak: 489M

vm_info: Java HotSpot(TM) 64-Bit Server VM (21.0.1+12-LTS-29) for windows-amd64 JRE (21.0.1+12-LTS-29), built on 2023-10-05T13:27:09Z by "mach5one" with MS VC++ 17.1 (VS2022)

END.
