#
# A fatal error has been detected by the Java Runtime Environment:
#
#  EXCEPTION_ACCESS_VIOLATION (0xc0000005) at pc=0x0000000000000000, pid=9760, tid=5352
#
# JRE version: Java(TM) SE Runtime Environment (21.0.1+12) (build 21.0.1+12-LTS-29)
# Java VM: Java HotSpot(TM) 64-Bit Server VM (21.0.1+12-LTS-29, mixed mode, sharing, tiered, compressed oops, compressed class ptrs, g1 gc, windows-amd64)
# Problematic frame:
# C  [jniRaylib.dll+0xdcb37]
#
# No core dump will be written. Minidumps are not enabled by default on client versions of Windows
#
# If you would like to submit a bug report, please visit:
#   https://bugreport.java.com/bugreport/crash.jsp
# The crash happened outside the Java Virtual Machine in native code.
# See problematic frame for where to report the bug.
#

---------------  S U M M A R Y ------------

Command Line: -Dfile.encoding=UTF-8 -Duser.country=DE -Duser.language=de -Duser.variant Start

Host: Intel(R) Core(TM) i5-3570K CPU @ 3.40GHz, 4 cores, 6G,  Windows 11 , 64 bit Build 22000 (10.0.22000.2600)
Time: Fri Jan  5 06:58:25 2024 Mitteleuropäische Zeit elapsed time: 1.140608 seconds (0d 0h 0m 1s)

---------------  T H R E A D  ---------------

Current thread (0x0000017440330380):  JavaThread "main"             [_thread_in_native, id=5352, stack(0x0000004a54100000,0x0000004a54200000) (1024K)]

Stack: [0x0000004a54100000,0x0000004a54200000],  sp=0x0000004a541fe1f0,  free space=1016k
Native frames: (J=compiled Java code, j=interpreted, Vv=VM code, C=native code)

Java frames: (J=compiled Java code, j=interpreted, Vv=VM code)
j  com.raylib.Raylib.LoadTexture(Ljava/lang/String;)Lcom/raylib/Raylib$Texture;+0
j  MainMenu.<init>()V+95
j  MainMenu.<clinit>()V+4
v  ~StubRoutines::call_stub 0x0000017451fa100d
j  Game.<init>()V+72
j  Start.main([Ljava/lang/String;)V+4
v  ~StubRoutines::call_stub 0x0000017451fa100d

siginfo: EXCEPTION_ACCESS_VIOLATION (0xc0000005), data execution prevention violation at address 0x0000000000000000


Registers:
RAX=0x0000889cf9e5f32a, RBX=0x0000000000000007, RCX=0x0000000000000de1, RDX=0x0000000000000000
RSP=0x0000004a541fe1e8, RBP=0x0000000000000007, RSI=0x0000000000000300, RDI=0x0000000000000400
R8 =0x0000000000000300, R9 =0x0000000000000007, R10=0x0000000000000000, R11=0x0000004a541fe220
R12=0x0000000000000000, R13=0x00000174a5303040, R14=0x0000000000000400, R15=0x0000017440330380
RIP=0x0000000000000000, EFLAGS=0x0000000000010246


Register to memory mapping:

RAX=0x0000889cf9e5f32a is an unknown value
RBX=0x0000000000000007 is an unknown value
RCX=0x0000000000000de1 is an unknown value
RDX=0x0 is null
RSP=0x0000004a541fe1e8 is pointing into the stack for thread: 0x0000017440330380
RBP=0x0000000000000007 is an unknown value
RSI=0x0000000000000300 is an unknown value
RDI=0x0000000000000400 is an unknown value
R8 =0x0000000000000300 is an unknown value
R9 =0x0000000000000007 is an unknown value
R10=0x0 is null
R11=0x0000004a541fe220 is pointing into the stack for thread: 0x0000017440330380
R12=0x0 is null
R13=0x00000174a5303040 points into unknown readable memory: 0xffa17216ffa17216 | 16 72 a1 ff 16 72 a1 ff
R14=0x0000000000000400 is an unknown value
R15=0x0000017440330380 is a thread

Top of Stack: (sp=0x0000004a541fe1e8)
0x0000004a541fe1e8:   00007ff90067cb37 0000000000000000
0x0000004a541fe1f8:   0000000000000000 0000000000000000
0x0000004a541fe208:   00007ff94007419e 000001745eb94fa0
0x0000004a541fe218:   0000004a541fe3a0 0000017440330380
0x0000004a541fe228:   0000000000000000 00000174a044d9f0
0x0000004a541fe238:   0000000000000000 0000017400000000
0x0000004a541fe248:   00007ff942c076e1 0000030000000400
0x0000004a541fe258:   0000017440300000 0000000700000001
0x0000004a541fe268:   0000889cf9e5f32a 0000000000000000
0x0000004a541fe278:   00000174a52efecc 00000174a50fb040
0x0000004a541fe288:   00007ff94008218b 0000004a541fe3a0
0x0000004a541fe298:   0000000000000001 00000174a044d9f0
0x0000004a541fe2a8:   00000174a5303040 0000004a541fe3a0
0x0000004a541fe2b8:   00007ff900651bf0 0000004a541fe3a0
0x0000004a541fe2c8:   0000017400000000 0000000000000000
0x0000004a541fe2d8:   0000000000000000 0000017400000001
0x0000004a541fe2e8:   0000000000000000 0000004a00000000
0x0000004a541fe2f8:   00007ff9400800a6 0000000000000000
0x0000004a541fe308:   00000174a5303040 0000030000000400
0x0000004a541fe318:   0000000700000001 00000174a5303040
0x0000004a541fe328:   0000030000000400 0000000700000001
0x0000004a541fe338:   0000000000000004 000001745eb94fa0
0x0000004a541fe348:   0000017440330738 000001745ef62140
0x0000004a541fe358:   00007ff9005e333b 0000004a001f4e8c
0x0000004a541fe368:   00000174a044d9f8 0000004a541fe458
0x0000004a541fe378:   0000000000000199 0000017440330380
0x0000004a541fe388:   00000000000000e6 000001745eb94fa0
0x0000004a541fe398:   0000017440330380 0000000000000000
0x0000004a541fe3a8:   0000000000000000 0000017400000000
0x0000004a541fe3b8:   00000174a044d9f8 0000004a541fe478
0x0000004a541fe3c8:   0000017451fa89b8 0000000000000000
0x0000004a541fe3d8:   0000017451facd8b 0000017440330738 

Instructions: (pc=0x00007ff90067cb37)
0x00007ff90067ca37:   44 24 50 c7 44 24 50 00 00 00 00 ba 84 8b 00 00
0x00007ff90067ca47:   8b ce ff 15 89 41 11 00 48 63 44 24 50 85 c0 7e
0x00007ff90067ca57:   4d 48 8b c8 c7 44 24 20 00 00 00 00 ba 01 00 00
0x00007ff90067ca67:   00 ff 15 ba 0b 08 00 8b 54 24 50 4c 8d 44 24 20
0x00007ff90067ca77:   4c 8b c8 8b ce 48 8b d8 ff 15 bb 40 11 00 4c 8b
0x00007ff90067ca87:   cb 48 8d 15 a9 d9 08 00 44 8b c6 b9 04 00 00 00
0x00007ff90067ca97:   e8 d4 ce 06 00 48 8b cb ff 15 93 0b 08 00 8b ce
0x00007ff90067caa7:   ff 15 5b 3a 11 00 33 c0 48 8b 5c 24 40 48 8b 74
0x00007ff90067cab7:   24 48 48 83 c4 30 5f c3 48 8d 15 92 d9 08 00 b9
0x00007ff90067cac7:   03 00 00 00 e8 a0 ce 06 00 48 8b 5c 24 40 8b c6
0x00007ff90067cad7:   48 8b 74 24 48 48 83 c4 30 5f c3 cc cc cc cc cc
0x00007ff90067cae7:   cc cc cc cc cc cc cc cc cc 40 53 56 41 55 41 56
0x00007ff90067caf7:   48 81 ec a8 00 00 00 48 8b 05 73 12 11 00 48 33
0x00007ff90067cb07:   c4 48 89 44 24 78 44 8b f2 89 54 24 60 4c 8b e9
0x00007ff90067cb17:   44 89 44 24 64 33 d2 c7 44 24 50 00 00 00 00 b9
0x00007ff90067cb27:   e1 0d 00 00 41 8b d9 41 8b f0 ff 15 f1 35 11 00
0x00007ff90067cb37:   80 3d 00 61 11 00 00 75 1e 8d 43 f5 83 f8 03 77
0x00007ff90067cb47:   16 48 8d 15 e9 d1 08 00 b9 04 00 00 00 e8 17 ce
0x00007ff90067cb57:   06 00 e9 f6 03 00 00 80 3d da 60 11 00 00 75 19
0x00007ff90067cb67:   83 fb 0f 75 14 48 8d 15 f5 d1 08 00 8d 4b f5 e8
0x00007ff90067cb77:   f5 cd 06 00 e9 d4 03 00 00 80 3d b9 60 11 00 00
0x00007ff90067cb87:   75 1e 8d 43 f0 83 f8 01 77 16 48 8d 15 08 d2 08
0x00007ff90067cb97:   00 b9 04 00 00 00 e8 ce cd 06 00 e9 ad 03 00 00
0x00007ff90067cba7:   80 3d 93 60 11 00 00 75 1e 8d 43 ee 83 f8 01 77
0x00007ff90067cbb7:   16 48 8d 15 19 d2 08 00 b9 04 00 00 00 e8 a7 cd
0x00007ff90067cbc7:   06 00 e9 86 03 00 00 80 3d 6d 60 11 00 00 75 1e
0x00007ff90067cbd7:   8d 43 ec 83 f8 01 77 16 48 8d 15 2a d2 08 00 b9
0x00007ff90067cbe7:   04 00 00 00 e8 80 cd 06 00 e9 5f 03 00 00 48 89
0x00007ff90067cbf7:   ac 24 a0 00 00 00 ba 01 00 00 00 48 89 bc 24 98
0x00007ff90067cc07:   00 00 00 b9 f5 0c 00 00 4c 89 a4 24 90 00 00 00
0x00007ff90067cc17:   4c 89 bc 24 88 00 00 00 ff 15 13 48 11 00 48 8d
0x00007ff90067cc27:   54 24 50 b9 01 00 00 00 ff 15 43 3c 11 00 8b 54 


Stack slot to memory mapping:

stack at sp + 0 slots: 0x0 is null
stack at sp + 1 slots: 0x0 is null
stack at sp + 2 slots: 0x0 is null
stack at sp + 3 slots: 0x00007ff94007419e ucrtbase.dll
stack at sp + 4 slots: 0x000001745eb94fa0 points into unknown readable memory: 0x6e69616d2f637273 | 73 72 63 2f 6d 61 69 6e
stack at sp + 5 slots: 0x0000004a541fe3a0 is pointing into the stack for thread: 0x0000017440330380
stack at sp + 6 slots: 0x0000017440330380 is a thread
stack at sp + 7 slots: 0x0 is null


---------------  P R O C E S S  ---------------

Threads class SMR info:
_java_thread_list=0x000001745e51a780, length=13, elements={
0x0000017440330380, 0x000001745e228980, 0x000001745e229eb0, 0x000001745e231720,
0x000001745e234190, 0x000001745e235410, 0x000001745e237fb0, 0x000001745e246390,
0x000001745e2480a0, 0x000001745e4cc670, 0x000001745e4ceeb0, 0x000001745e500b70,
0x000001745ebad820
}

Java Threads: ( => current thread )
=>0x0000017440330380 JavaThread "main"                              [_thread_in_native, id=5352, stack(0x0000004a54100000,0x0000004a54200000) (1024K)]
  0x000001745e228980 JavaThread "Reference Handler"          daemon [_thread_blocked, id=5564, stack(0x0000004a54900000,0x0000004a54a00000) (1024K)]
  0x000001745e229eb0 JavaThread "Finalizer"                  daemon [_thread_blocked, id=14464, stack(0x0000004a54a00000,0x0000004a54b00000) (1024K)]
  0x000001745e231720 JavaThread "Signal Dispatcher"          daemon [_thread_blocked, id=1280, stack(0x0000004a54b00000,0x0000004a54c00000) (1024K)]
  0x000001745e234190 JavaThread "Attach Listener"            daemon [_thread_blocked, id=8016, stack(0x0000004a54c00000,0x0000004a54d00000) (1024K)]
  0x000001745e235410 JavaThread "Service Thread"             daemon [_thread_blocked, id=7740, stack(0x0000004a54d00000,0x0000004a54e00000) (1024K)]
  0x000001745e237fb0 JavaThread "Monitor Deflation Thread"   daemon [_thread_blocked, id=3228, stack(0x0000004a54e00000,0x0000004a54f00000) (1024K)]
  0x000001745e246390 JavaThread "C2 CompilerThread0"         daemon [_thread_blocked, id=14376, stack(0x0000004a54f00000,0x0000004a55000000) (1024K)]
  0x000001745e2480a0 JavaThread "C1 CompilerThread0"         daemon [_thread_blocked, id=5424, stack(0x0000004a55000000,0x0000004a55100000) (1024K)]
  0x000001745e4cc670 JavaThread "Notification Thread"        daemon [_thread_blocked, id=12940, stack(0x0000004a55100000,0x0000004a55200000) (1024K)]
  0x000001745e4ceeb0 JavaThread "Common-Cleaner"             daemon [_thread_blocked, id=2532, stack(0x0000004a55200000,0x0000004a55300000) (1024K)]
  0x000001745e500b70 JavaThread "JavaCPP Deallocator"        daemon [_thread_blocked, id=10392, stack(0x0000004a55300000,0x0000004a55400000) (1024K)]
  0x000001745ebad820 JavaThread "C2 CompilerThread1"         daemon [_thread_blocked, id=8048, stack(0x0000004a55400000,0x0000004a55500000) (1024K)]
Total: 13

Other Threads:
  0x000001745e20b650 VMThread "VM Thread"                           [id=6392, stack(0x0000004a54800000,0x0000004a54900000) (1024K)]
  0x000001745e1f4310 WatcherThread "VM Periodic Task Thread"        [id=10344, stack(0x0000004a54700000,0x0000004a54800000) (1024K)]
  0x0000017442654300 WorkerThread "GC Thread#0"                     [id=9864, stack(0x0000004a54200000,0x0000004a54300000) (1024K)]
  0x000001745ea82230 WorkerThread "GC Thread#1"                     [id=9892, stack(0x0000004a55500000,0x0000004a55600000) (1024K)]
  0x000001745e912000 WorkerThread "GC Thread#2"                     [id=1952, stack(0x0000004a55600000,0x0000004a55700000) (1024K)]
  0x000001745eb1b720 WorkerThread "GC Thread#3"                     [id=10988, stack(0x0000004a55700000,0x0000004a55800000) (1024K)]
  0x0000017442664b70 ConcurrentGCThread "G1 Main Marker"            [id=2368, stack(0x0000004a54300000,0x0000004a54400000) (1024K)]
  0x0000017442665e10 WorkerThread "G1 Conc#0"                       [id=7428, stack(0x0000004a54400000,0x0000004a54500000) (1024K)]
  0x00000174426dd660 ConcurrentGCThread "G1 Refine#0"               [id=12520, stack(0x0000004a54500000,0x0000004a54600000) (1024K)]
  0x00000174426de1d0 ConcurrentGCThread "G1 Service"                [id=10536, stack(0x0000004a54600000,0x0000004a54700000) (1024K)]
Total: 10

Threads with active compile tasks:
Total: 0

VM state: not at safepoint (normal execution)

VM Mutex/Monitor currently owned by a thread: None

Heap address: 0x0000000090a00000, size: 1782 MB, Compressed Oops mode: 32-bit

CDS archive(s) mapped at: [0x000001745f000000-0x000001745fc90000-0x000001745fc90000), size 13172736, SharedBaseAddress: 0x000001745f000000, ArchiveRelocationMode: 1.
Compressed class space mapped at: 0x0000017460000000-0x00000174a0000000, reserved size: 1073741824
Narrow klass base: 0x000001745f000000, Narrow klass shift: 0, Narrow klass range: 0x100000000

GC Precious Log:
 CardTable entry size: 512
 Card Set container configuration: InlinePtr #cards 5 size 8 Array Of Cards #cards 12 size 40 Howl #buckets 4 coarsen threshold 1843 Howl Bitmap #cards 512 size 80 coarsen threshold 460 Card regions per heap region 1 cards per card region 2048
 CPUs: 4 total, 4 available
 Memory: 7122M
 Large Page Support: Disabled
 NUMA Support: Disabled
 Compressed Oops: Enabled (32-bit)
 Heap Region Size: 1M
 Heap Min Capacity: 8M
 Heap Initial Capacity: 112M
 Heap Max Capacity: 1782M
 Pre-touch: Disabled
 Parallel Workers: 4
 Concurrent Workers: 1
 Concurrent Refinement Workers: 4
 Periodic GC: Disabled

Heap:
 garbage-first heap   total 114688K, used 8512K [0x0000000090a00000, 0x0000000100000000)
  region size 1024K, 11 young (11264K), 2 survivors (2048K)
 Metaspace       used 2083K, committed 2240K, reserved 1114112K
  class space    used 183K, committed 256K, reserved 1048576K

Heap Regions: E=young(eden), S=young(survivor), O=old, HS=humongous(starts), HC=humongous(continues), CS=collection set, F=free, TAMS=top-at-mark-start, PB=parsable bottom
|   0|0x0000000090a00000, 0x0000000090a00000, 0x0000000090b00000|  0%| F|  |TAMS 0x0000000090a00000| PB 0x0000000090a00000| Untracked 
|   1|0x0000000090b00000, 0x0000000090b00000, 0x0000000090c00000|  0%| F|  |TAMS 0x0000000090b00000| PB 0x0000000090b00000| Untracked 
|   2|0x0000000090c00000, 0x0000000090c00000, 0x0000000090d00000|  0%| F|  |TAMS 0x0000000090c00000| PB 0x0000000090c00000| Untracked 
|   3|0x0000000090d00000, 0x0000000090d00000, 0x0000000090e00000|  0%| F|  |TAMS 0x0000000090d00000| PB 0x0000000090d00000| Untracked 
|   4|0x0000000090e00000, 0x0000000090e00000, 0x0000000090f00000|  0%| F|  |TAMS 0x0000000090e00000| PB 0x0000000090e00000| Untracked 
|   5|0x0000000090f00000, 0x0000000090f00000, 0x0000000091000000|  0%| F|  |TAMS 0x0000000090f00000| PB 0x0000000090f00000| Untracked 
|   6|0x0000000091000000, 0x0000000091000000, 0x0000000091100000|  0%| F|  |TAMS 0x0000000091000000| PB 0x0000000091000000| Untracked 
|   7|0x0000000091100000, 0x0000000091100000, 0x0000000091200000|  0%| F|  |TAMS 0x0000000091100000| PB 0x0000000091100000| Untracked 
|   8|0x0000000091200000, 0x0000000091200000, 0x0000000091300000|  0%| F|  |TAMS 0x0000000091200000| PB 0x0000000091200000| Untracked 
|   9|0x0000000091300000, 0x0000000091300000, 0x0000000091400000|  0%| F|  |TAMS 0x0000000091300000| PB 0x0000000091300000| Untracked 
|  10|0x0000000091400000, 0x0000000091400000, 0x0000000091500000|  0%| F|  |TAMS 0x0000000091400000| PB 0x0000000091400000| Untracked 
|  11|0x0000000091500000, 0x0000000091500000, 0x0000000091600000|  0%| F|  |TAMS 0x0000000091500000| PB 0x0000000091500000| Untracked 
|  12|0x0000000091600000, 0x0000000091600000, 0x0000000091700000|  0%| F|  |TAMS 0x0000000091600000| PB 0x0000000091600000| Untracked 
|  13|0x0000000091700000, 0x0000000091700000, 0x0000000091800000|  0%| F|  |TAMS 0x0000000091700000| PB 0x0000000091700000| Untracked 
|  14|0x0000000091800000, 0x0000000091800000, 0x0000000091900000|  0%| F|  |TAMS 0x0000000091800000| PB 0x0000000091800000| Untracked 
|  15|0x0000000091900000, 0x0000000091900000, 0x0000000091a00000|  0%| F|  |TAMS 0x0000000091900000| PB 0x0000000091900000| Untracked 
|  16|0x0000000091a00000, 0x0000000091a00000, 0x0000000091b00000|  0%| F|  |TAMS 0x0000000091a00000| PB 0x0000000091a00000| Untracked 
|  17|0x0000000091b00000, 0x0000000091b00000, 0x0000000091c00000|  0%| F|  |TAMS 0x0000000091b00000| PB 0x0000000091b00000| Untracked 
|  18|0x0000000091c00000, 0x0000000091c00000, 0x0000000091d00000|  0%| F|  |TAMS 0x0000000091c00000| PB 0x0000000091c00000| Untracked 
|  19|0x0000000091d00000, 0x0000000091d00000, 0x0000000091e00000|  0%| F|  |TAMS 0x0000000091d00000| PB 0x0000000091d00000| Untracked 
|  20|0x0000000091e00000, 0x0000000091e00000, 0x0000000091f00000|  0%| F|  |TAMS 0x0000000091e00000| PB 0x0000000091e00000| Untracked 
|  21|0x0000000091f00000, 0x0000000091f00000, 0x0000000092000000|  0%| F|  |TAMS 0x0000000091f00000| PB 0x0000000091f00000| Untracked 
|  22|0x0000000092000000, 0x0000000092000000, 0x0000000092100000|  0%| F|  |TAMS 0x0000000092000000| PB 0x0000000092000000| Untracked 
|  23|0x0000000092100000, 0x0000000092100000, 0x0000000092200000|  0%| F|  |TAMS 0x0000000092100000| PB 0x0000000092100000| Untracked 
|  24|0x0000000092200000, 0x0000000092200000, 0x0000000092300000|  0%| F|  |TAMS 0x0000000092200000| PB 0x0000000092200000| Untracked 
|  25|0x0000000092300000, 0x0000000092300000, 0x0000000092400000|  0%| F|  |TAMS 0x0000000092300000| PB 0x0000000092300000| Untracked 
|  26|0x0000000092400000, 0x0000000092400000, 0x0000000092500000|  0%| F|  |TAMS 0x0000000092400000| PB 0x0000000092400000| Untracked 
|  27|0x0000000092500000, 0x0000000092500000, 0x0000000092600000|  0%| F|  |TAMS 0x0000000092500000| PB 0x0000000092500000| Untracked 
|  28|0x0000000092600000, 0x0000000092600000, 0x0000000092700000|  0%| F|  |TAMS 0x0000000092600000| PB 0x0000000092600000| Untracked 
|  29|0x0000000092700000, 0x0000000092700000, 0x0000000092800000|  0%| F|  |TAMS 0x0000000092700000| PB 0x0000000092700000| Untracked 
|  30|0x0000000092800000, 0x0000000092800000, 0x0000000092900000|  0%| F|  |TAMS 0x0000000092800000| PB 0x0000000092800000| Untracked 
|  31|0x0000000092900000, 0x0000000092900000, 0x0000000092a00000|  0%| F|  |TAMS 0x0000000092900000| PB 0x0000000092900000| Untracked 
|  32|0x0000000092a00000, 0x0000000092a00000, 0x0000000092b00000|  0%| F|  |TAMS 0x0000000092a00000| PB 0x0000000092a00000| Untracked 
|  33|0x0000000092b00000, 0x0000000092b00000, 0x0000000092c00000|  0%| F|  |TAMS 0x0000000092b00000| PB 0x0000000092b00000| Untracked 
|  34|0x0000000092c00000, 0x0000000092c00000, 0x0000000092d00000|  0%| F|  |TAMS 0x0000000092c00000| PB 0x0000000092c00000| Untracked 
|  35|0x0000000092d00000, 0x0000000092d00000, 0x0000000092e00000|  0%| F|  |TAMS 0x0000000092d00000| PB 0x0000000092d00000| Untracked 
|  36|0x0000000092e00000, 0x0000000092e00000, 0x0000000092f00000|  0%| F|  |TAMS 0x0000000092e00000| PB 0x0000000092e00000| Untracked 
|  37|0x0000000092f00000, 0x0000000092f00000, 0x0000000093000000|  0%| F|  |TAMS 0x0000000092f00000| PB 0x0000000092f00000| Untracked 
|  38|0x0000000093000000, 0x0000000093000000, 0x0000000093100000|  0%| F|  |TAMS 0x0000000093000000| PB 0x0000000093000000| Untracked 
|  39|0x0000000093100000, 0x0000000093100000, 0x0000000093200000|  0%| F|  |TAMS 0x0000000093100000| PB 0x0000000093100000| Untracked 
|  40|0x0000000093200000, 0x0000000093200000, 0x0000000093300000|  0%| F|  |TAMS 0x0000000093200000| PB 0x0000000093200000| Untracked 
|  41|0x0000000093300000, 0x0000000093300000, 0x0000000093400000|  0%| F|  |TAMS 0x0000000093300000| PB 0x0000000093300000| Untracked 
|  42|0x0000000093400000, 0x0000000093400000, 0x0000000093500000|  0%| F|  |TAMS 0x0000000093400000| PB 0x0000000093400000| Untracked 
|  43|0x0000000093500000, 0x0000000093500000, 0x0000000093600000|  0%| F|  |TAMS 0x0000000093500000| PB 0x0000000093500000| Untracked 
|  44|0x0000000093600000, 0x0000000093600000, 0x0000000093700000|  0%| F|  |TAMS 0x0000000093600000| PB 0x0000000093600000| Untracked 
|  45|0x0000000093700000, 0x0000000093700000, 0x0000000093800000|  0%| F|  |TAMS 0x0000000093700000| PB 0x0000000093700000| Untracked 
|  46|0x0000000093800000, 0x0000000093800000, 0x0000000093900000|  0%| F|  |TAMS 0x0000000093800000| PB 0x0000000093800000| Untracked 
|  47|0x0000000093900000, 0x0000000093900000, 0x0000000093a00000|  0%| F|  |TAMS 0x0000000093900000| PB 0x0000000093900000| Untracked 
|  48|0x0000000093a00000, 0x0000000093a00000, 0x0000000093b00000|  0%| F|  |TAMS 0x0000000093a00000| PB 0x0000000093a00000| Untracked 
|  49|0x0000000093b00000, 0x0000000093b00000, 0x0000000093c00000|  0%| F|  |TAMS 0x0000000093b00000| PB 0x0000000093b00000| Untracked 
|  50|0x0000000093c00000, 0x0000000093c00000, 0x0000000093d00000|  0%| F|  |TAMS 0x0000000093c00000| PB 0x0000000093c00000| Untracked 
|  51|0x0000000093d00000, 0x0000000093d00000, 0x0000000093e00000|  0%| F|  |TAMS 0x0000000093d00000| PB 0x0000000093d00000| Untracked 
|  52|0x0000000093e00000, 0x0000000093e00000, 0x0000000093f00000|  0%| F|  |TAMS 0x0000000093e00000| PB 0x0000000093e00000| Untracked 
|  53|0x0000000093f00000, 0x0000000093f00000, 0x0000000094000000|  0%| F|  |TAMS 0x0000000093f00000| PB 0x0000000093f00000| Untracked 
|  54|0x0000000094000000, 0x0000000094000000, 0x0000000094100000|  0%| F|  |TAMS 0x0000000094000000| PB 0x0000000094000000| Untracked 
|  55|0x0000000094100000, 0x0000000094100000, 0x0000000094200000|  0%| F|  |TAMS 0x0000000094100000| PB 0x0000000094100000| Untracked 
|  56|0x0000000094200000, 0x0000000094200000, 0x0000000094300000|  0%| F|  |TAMS 0x0000000094200000| PB 0x0000000094200000| Untracked 
|  57|0x0000000094300000, 0x0000000094300000, 0x0000000094400000|  0%| F|  |TAMS 0x0000000094300000| PB 0x0000000094300000| Untracked 
|  58|0x0000000094400000, 0x0000000094400000, 0x0000000094500000|  0%| F|  |TAMS 0x0000000094400000| PB 0x0000000094400000| Untracked 
|  59|0x0000000094500000, 0x0000000094500000, 0x0000000094600000|  0%| F|  |TAMS 0x0000000094500000| PB 0x0000000094500000| Untracked 
|  60|0x0000000094600000, 0x0000000094600000, 0x0000000094700000|  0%| F|  |TAMS 0x0000000094600000| PB 0x0000000094600000| Untracked 
|  61|0x0000000094700000, 0x0000000094700000, 0x0000000094800000|  0%| F|  |TAMS 0x0000000094700000| PB 0x0000000094700000| Untracked 
|  62|0x0000000094800000, 0x0000000094800000, 0x0000000094900000|  0%| F|  |TAMS 0x0000000094800000| PB 0x0000000094800000| Untracked 
|  63|0x0000000094900000, 0x0000000094900000, 0x0000000094a00000|  0%| F|  |TAMS 0x0000000094900000| PB 0x0000000094900000| Untracked 
|  64|0x0000000094a00000, 0x0000000094a00000, 0x0000000094b00000|  0%| F|  |TAMS 0x0000000094a00000| PB 0x0000000094a00000| Untracked 
|  65|0x0000000094b00000, 0x0000000094b00000, 0x0000000094c00000|  0%| F|  |TAMS 0x0000000094b00000| PB 0x0000000094b00000| Untracked 
|  66|0x0000000094c00000, 0x0000000094c00000, 0x0000000094d00000|  0%| F|  |TAMS 0x0000000094c00000| PB 0x0000000094c00000| Untracked 
|  67|0x0000000094d00000, 0x0000000094d00000, 0x0000000094e00000|  0%| F|  |TAMS 0x0000000094d00000| PB 0x0000000094d00000| Untracked 
|  68|0x0000000094e00000, 0x0000000094e00000, 0x0000000094f00000|  0%| F|  |TAMS 0x0000000094e00000| PB 0x0000000094e00000| Untracked 
|  69|0x0000000094f00000, 0x0000000094f00000, 0x0000000095000000|  0%| F|  |TAMS 0x0000000094f00000| PB 0x0000000094f00000| Untracked 
|  70|0x0000000095000000, 0x0000000095000000, 0x0000000095100000|  0%| F|  |TAMS 0x0000000095000000| PB 0x0000000095000000| Untracked 
|  71|0x0000000095100000, 0x0000000095100000, 0x0000000095200000|  0%| F|  |TAMS 0x0000000095100000| PB 0x0000000095100000| Untracked 
|  72|0x0000000095200000, 0x0000000095200000, 0x0000000095300000|  0%| F|  |TAMS 0x0000000095200000| PB 0x0000000095200000| Untracked 
|  73|0x0000000095300000, 0x0000000095300000, 0x0000000095400000|  0%| F|  |TAMS 0x0000000095300000| PB 0x0000000095300000| Untracked 
|  74|0x0000000095400000, 0x0000000095400000, 0x0000000095500000|  0%| F|  |TAMS 0x0000000095400000| PB 0x0000000095400000| Untracked 
|  75|0x0000000095500000, 0x0000000095500000, 0x0000000095600000|  0%| F|  |TAMS 0x0000000095500000| PB 0x0000000095500000| Untracked 
|  76|0x0000000095600000, 0x0000000095600000, 0x0000000095700000|  0%| F|  |TAMS 0x0000000095600000| PB 0x0000000095600000| Untracked 
|  77|0x0000000095700000, 0x0000000095700000, 0x0000000095800000|  0%| F|  |TAMS 0x0000000095700000| PB 0x0000000095700000| Untracked 
|  78|0x0000000095800000, 0x0000000095800000, 0x0000000095900000|  0%| F|  |TAMS 0x0000000095800000| PB 0x0000000095800000| Untracked 
|  79|0x0000000095900000, 0x0000000095900000, 0x0000000095a00000|  0%| F|  |TAMS 0x0000000095900000| PB 0x0000000095900000| Untracked 
|  80|0x0000000095a00000, 0x0000000095a00000, 0x0000000095b00000|  0%| F|  |TAMS 0x0000000095a00000| PB 0x0000000095a00000| Untracked 
|  81|0x0000000095b00000, 0x0000000095b00000, 0x0000000095c00000|  0%| F|  |TAMS 0x0000000095b00000| PB 0x0000000095b00000| Untracked 
|  82|0x0000000095c00000, 0x0000000095c00000, 0x0000000095d00000|  0%| F|  |TAMS 0x0000000095c00000| PB 0x0000000095c00000| Untracked 
|  83|0x0000000095d00000, 0x0000000095d00000, 0x0000000095e00000|  0%| F|  |TAMS 0x0000000095d00000| PB 0x0000000095d00000| Untracked 
|  84|0x0000000095e00000, 0x0000000095e00000, 0x0000000095f00000|  0%| F|  |TAMS 0x0000000095e00000| PB 0x0000000095e00000| Untracked 
|  85|0x0000000095f00000, 0x0000000095f00000, 0x0000000096000000|  0%| F|  |TAMS 0x0000000095f00000| PB 0x0000000095f00000| Untracked 
|  86|0x0000000096000000, 0x0000000096000000, 0x0000000096100000|  0%| F|  |TAMS 0x0000000096000000| PB 0x0000000096000000| Untracked 
|  87|0x0000000096100000, 0x0000000096100000, 0x0000000096200000|  0%| F|  |TAMS 0x0000000096100000| PB 0x0000000096100000| Untracked 
|  88|0x0000000096200000, 0x0000000096200000, 0x0000000096300000|  0%| F|  |TAMS 0x0000000096200000| PB 0x0000000096200000| Untracked 
|  89|0x0000000096300000, 0x0000000096300000, 0x0000000096400000|  0%| F|  |TAMS 0x0000000096300000| PB 0x0000000096300000| Untracked 
|  90|0x0000000096400000, 0x0000000096400000, 0x0000000096500000|  0%| F|  |TAMS 0x0000000096400000| PB 0x0000000096400000| Untracked 
|  91|0x0000000096500000, 0x0000000096500000, 0x0000000096600000|  0%| F|  |TAMS 0x0000000096500000| PB 0x0000000096500000| Untracked 
|  92|0x0000000096600000, 0x0000000096600000, 0x0000000096700000|  0%| F|  |TAMS 0x0000000096600000| PB 0x0000000096600000| Untracked 
|  93|0x0000000096700000, 0x0000000096700000, 0x0000000096800000|  0%| F|  |TAMS 0x0000000096700000| PB 0x0000000096700000| Untracked 
|  94|0x0000000096800000, 0x0000000096800000, 0x0000000096900000|  0%| F|  |TAMS 0x0000000096800000| PB 0x0000000096800000| Untracked 
|  95|0x0000000096900000, 0x0000000096900000, 0x0000000096a00000|  0%| F|  |TAMS 0x0000000096900000| PB 0x0000000096900000| Untracked 
|  96|0x0000000096a00000, 0x0000000096a00000, 0x0000000096b00000|  0%| F|  |TAMS 0x0000000096a00000| PB 0x0000000096a00000| Untracked 
|  97|0x0000000096b00000, 0x0000000096b50000, 0x0000000096c00000| 31%| S|CS|TAMS 0x0000000096b00000| PB 0x0000000096b00000| Complete 
|  98|0x0000000096c00000, 0x0000000096d00000, 0x0000000096d00000|100%| S|CS|TAMS 0x0000000096c00000| PB 0x0000000096c00000| Complete 
|  99|0x0000000096d00000, 0x0000000096d00000, 0x0000000096e00000|  0%| F|  |TAMS 0x0000000096d00000| PB 0x0000000096d00000| Untracked 
| 100|0x0000000096e00000, 0x0000000096e00000, 0x0000000096f00000|  0%| F|  |TAMS 0x0000000096e00000| PB 0x0000000096e00000| Untracked 
| 101|0x0000000096f00000, 0x0000000096f00000, 0x0000000097000000|  0%| F|  |TAMS 0x0000000096f00000| PB 0x0000000096f00000| Untracked 
| 102|0x0000000097000000, 0x0000000097000000, 0x0000000097100000|  0%| F|  |TAMS 0x0000000097000000| PB 0x0000000097000000| Untracked 
| 103|0x0000000097100000, 0x00000000971d9e60, 0x0000000097200000| 85%| E|  |TAMS 0x0000000097100000| PB 0x0000000097100000| Complete 
| 104|0x0000000097200000, 0x0000000097300000, 0x0000000097300000|100%| E|CS|TAMS 0x0000000097200000| PB 0x0000000097200000| Complete 
| 105|0x0000000097300000, 0x0000000097400000, 0x0000000097400000|100%| E|  |TAMS 0x0000000097300000| PB 0x0000000097300000| Complete 
| 106|0x0000000097400000, 0x0000000097500000, 0x0000000097500000|100%| E|CS|TAMS 0x0000000097400000| PB 0x0000000097400000| Complete 
| 107|0x0000000097500000, 0x0000000097600000, 0x0000000097600000|100%| E|CS|TAMS 0x0000000097500000| PB 0x0000000097500000| Complete 
| 108|0x0000000097600000, 0x0000000097700000, 0x0000000097700000|100%| E|CS|TAMS 0x0000000097600000| PB 0x0000000097600000| Complete 
| 109|0x0000000097700000, 0x0000000097800000, 0x0000000097800000|100%| E|CS|TAMS 0x0000000097700000| PB 0x0000000097700000| Complete 
| 110|0x0000000097800000, 0x0000000097900000, 0x0000000097900000|100%| E|CS|TAMS 0x0000000097800000| PB 0x0000000097800000| Complete 
| 111|0x0000000097900000, 0x0000000097a00000, 0x0000000097a00000|100%| E|CS|TAMS 0x0000000097900000| PB 0x0000000097900000| Complete 

Card table byte_map: [0x0000017459df0000,0x000001745a170000] _byte_map_base: 0x000001745996b000

Marking Bits: (CMBitMap*) 0x0000017442655210
 Bits: [0x000001745a170000, 0x000001745bd48000)

Polling page: 0x0000017440540000

Metaspace:

Usage:
  Non-class:      1.86 MB used.
      Class:    183.44 KB used.
       Both:      2.03 MB used.

Virtual space:
  Non-class space:       64.00 MB reserved,       1.94 MB (  3%) committed,  1 nodes.
      Class space:        1.00 GB reserved,     256.00 KB ( <1%) committed,  1 nodes.
             Both:        1.06 GB reserved,       2.19 MB ( <1%) committed. 

Chunk freelists:
   Non-Class:  11.23 MB
       Class:  15.66 MB
        Both:  26.89 MB

MaxMetaspaceSize: unlimited
CompressedClassSpaceSize: 1.00 GB
Initial GC threshold: 21.00 MB
Current GC threshold: 21.00 MB
CDS: on
 - commit_granule_bytes: 65536.
 - commit_granule_words: 8192.
 - virtual_space_node_default_size: 8388608.
 - enlarge_chunks_in_place: 1.
 - use_allocation_guard: 0.


Internal statistics:

num_allocs_failed_limit: 0.
num_arena_births: 26.
num_arena_deaths: 0.
num_vsnodes_births: 2.
num_vsnodes_deaths: 0.
num_space_committed: 35.
num_space_uncommitted: 0.
num_chunks_returned_to_freelist: 0.
num_chunks_taken_from_freelist: 70.
num_chunk_merges: 0.
num_chunk_splits: 45.
num_chunks_enlarged: 34.
num_inconsistent_stats: 0.

CodeHeap 'non-profiled nmethods': size=120000Kb used=484Kb max_used=484Kb free=119515Kb
 bounds [0x0000017452540000, 0x00000174527b0000, 0x0000017459a70000]
CodeHeap 'profiled nmethods': size=120000Kb used=1310Kb max_used=1310Kb free=118689Kb
 bounds [0x000001744aa70000, 0x000001744ace0000, 0x0000017451fa0000]
CodeHeap 'non-nmethods': size=5760Kb used=1371Kb max_used=1391Kb free=4388Kb
 bounds [0x0000017451fa0000, 0x0000017452210000, 0x0000017452540000]
 total_blobs=1223 nmethods=748 adapters=380
 compilation: enabled
              stopped_count=0, restarted_count=0
 full_count=0

Compilation events (20 events):
Event: 1.059 Thread 0x000001745e2480a0 nmethod 737 0x000001744aba3110 code [0x000001744aba32c0, 0x000001744aba34c0]
Event: 1.059 Thread 0x000001745e2480a0  739       3       java.util.WeakHashMap::hash (28 bytes)
Event: 1.059 Thread 0x000001745e2480a0 nmethod 739 0x000001744aba3610 code [0x000001744aba37c0, 0x000001744aba39b8]
Event: 1.059 Thread 0x000001745e2480a0  738       1       java.security.CodeSource::getLocation (5 bytes)
Event: 1.059 Thread 0x000001745e2480a0 nmethod 738 0x00000174525b6c90 code [0x00000174525b6e20, 0x00000174525b6ee8]
Event: 1.060 Thread 0x000001745e2480a0  740       3       java.net.URLStreamHandler::parseURL (1124 bytes)
Event: 1.061 Thread 0x000001745ebad820 nmethod 731 0x00000174525b6f90 code [0x00000174525b7160, 0x00000174525b7660]
Event: 1.063 Thread 0x000001745e246390  745       4       java.lang.StringBuilder::toString (9 bytes)
Event: 1.068 Thread 0x000001745e246390 nmethod 745 0x00000174525b8190 code [0x00000174525b8340, 0x00000174525b88d8]
Event: 1.079 Thread 0x000001745e2480a0 nmethod 740 0x000001744aba3a90 code [0x000001744aba4e20, 0x000001744abb16d8]
Event: 1.079 Thread 0x000001745e2480a0  741   !   3       jdk.internal.loader.URLClassPath$JarLoader::getResource (40 bytes)
Event: 1.079 Thread 0x000001745e2480a0 nmethod 741 0x000001744abb6390 code [0x000001744abb65a0, 0x000001744abb6b48]
Event: 1.079 Thread 0x000001745e2480a0  747       3       jdk.internal.loader.NativeLibraries$NativeLibraryImpl::find (9 bytes)
Event: 1.080 Thread 0x000001745e2480a0 nmethod 747 0x000001744abb6d10 code [0x000001744abb6ec0, 0x000001744abb7000]
Event: 1.080 Thread 0x000001745e2480a0  744       3       java.lang.Integer::valueOf (32 bytes)
Event: 1.080 Thread 0x000001745e2480a0 nmethod 744 0x000001744abb7090 code [0x000001744abb7260, 0x000001744abb7580]
Event: 1.080 Thread 0x000001745e2480a0  743       3       java.util.HashMap::<init> (11 bytes)
Event: 1.080 Thread 0x000001745e2480a0 nmethod 743 0x000001744abb7690 code [0x000001744abb7840, 0x000001744abb7a10]
Event: 1.080 Thread 0x000001745e2480a0  742       1       java.lang.NamedPackage::module (5 bytes)
Event: 1.080 Thread 0x000001745e2480a0 nmethod 742 0x00000174525b9010 code [0x00000174525b91a0, 0x00000174525b9268]

GC Heap History (2 events):
Event: 0.716 GC heap before
{Heap before GC invocations=0 (full 0):
 garbage-first heap   total 114688K, used 13312K [0x0000000090a00000, 0x0000000100000000)
  region size 1024K, 13 young (13312K), 0 survivors (0K)
 Metaspace       used 1258K, committed 1408K, reserved 1114112K
  class space    used 102K, committed 192K, reserved 1048576K
}
Event: 0.721 GC heap after
{Heap after GC invocations=1 (full 0):
 garbage-first heap   total 114688K, used 1344K [0x0000000090a00000, 0x0000000100000000)
  region size 1024K, 2 young (2048K), 2 survivors (2048K)
 Metaspace       used 1258K, committed 1408K, reserved 1114112K
  class space    used 102K, committed 192K, reserved 1048576K
}

Dll operation events (20 events):
Event: 0.681 Loaded shared library C:\Program Files\Java\jdk-21\bin\api-ms-win-core-rtlsupport-l1-1-0.dll
Event: 0.697 Loaded shared library C:\Program Files\Java\jdk-21\bin\api-ms-win-core-processthreads-l1-1-1.dll
Event: 0.713 Loaded shared library C:\Program Files\Java\jdk-21\bin\api-ms-win-core-file-l1-2-0.dll
Event: 0.735 Loaded shared library C:\Program Files\Java\jdk-21\bin\api-ms-win-core-profile-l1-1-0.dll
Event: 0.755 Loaded shared library C:\Program Files\Java\jdk-21\bin\api-ms-win-core-memory-l1-1-0.dll
Event: 0.774 Loaded shared library C:\Program Files\Java\jdk-21\bin\api-ms-win-core-util-l1-1-0.dll
Event: 0.795 Loaded shared library C:\Program Files\Java\jdk-21\bin\api-ms-win-core-interlocked-l1-1-0.dll
Event: 0.817 Loaded shared library C:\Program Files\Java\jdk-21\bin\ucrtbase.dll
Event: 0.845 Loaded shared library C:\Program Files\Java\jdk-21\bin\vcruntime140.dll
Event: 0.862 Loaded shared library C:\Program Files\Java\jdk-21\bin\vcruntime140_1.dll
Event: 0.878 Loaded shared library C:\Program Files\Java\jdk-21\bin\msvcp140.dll
Event: 0.903 Loaded shared library C:\Windows\System32\msvcp140_1.dll
Event: 0.924 Loaded shared library C:\Windows\System32\concrt140.dll
Event: 0.946 Loaded shared library C:\Windows\System32\vcomp140.dll
Event: 0.981 Loaded shared library C:\Windows\System32\winmm.dll
Event: 0.985 Loaded shared library C:\Windows\System32\opengl32.dll
Event: 0.987 Loaded shared library C:\Windows\System32\user32.dll
Event: 0.990 Loaded shared library C:\Windows\System32\shell32.dll
Event: 0.992 Loaded shared library C:\Windows\System32\gdi32.dll
Event: 1.037 Loaded shared library C:\Users\Antoz\.javacpp\cache\jaylib-4.5.0-0.jar\com\raylib\windows-x86_64\jniRaylib.dll

Deoptimization events (20 events):
Event: 0.981 Thread 0x0000017440330380 Uncommon trap: trap_request=0xffffff45 fr.pc=0x0000017452594120 relative=0x0000000000002e00
Event: 0.981 Thread 0x0000017440330380 Uncommon trap: reason=unstable_if action=reinterpret pc=0x0000017452594120 method=sun.net.www.ParseUtil.firstEncodeIndex(Ljava/lang/String;)I @ 51 c2
Event: 0.981 Thread 0x0000017440330380 DEOPT PACKING pc=0x0000017452594120 sp=0x0000004a541fc5a0
Event: 0.981 Thread 0x0000017440330380 DEOPT UNPACKING pc=0x0000017451ff46a2 sp=0x0000004a541fc2b0 mode 2
Event: 0.981 Thread 0x0000017440330380 Uncommon trap: trap_request=0xffffff45 fr.pc=0x000001745258aa58 relative=0x0000000000002ad8
Event: 0.981 Thread 0x0000017440330380 Uncommon trap: reason=unstable_if action=reinterpret pc=0x000001745258aa58 method=sun.net.www.ParseUtil.firstEncodeIndex(Ljava/lang/String;)I @ 51 c2
Event: 0.981 Thread 0x0000017440330380 DEOPT PACKING pc=0x000001745258aa58 sp=0x0000004a541fc510
Event: 0.981 Thread 0x0000017440330380 DEOPT UNPACKING pc=0x0000017451ff46a2 sp=0x0000004a541fc330 mode 2
Event: 0.982 Thread 0x0000017440330380 Uncommon trap: trap_request=0xffffff45 fr.pc=0x0000017452560554 relative=0x0000000000000274
Event: 0.982 Thread 0x0000017440330380 Uncommon trap: reason=unstable_if action=reinterpret pc=0x0000017452560554 method=sun.net.www.ParseUtil.firstEncodeIndex(Ljava/lang/String;)I @ 51 c2
Event: 0.982 Thread 0x0000017440330380 DEOPT PACKING pc=0x0000017452560554 sp=0x0000004a541fc3a0
Event: 0.982 Thread 0x0000017440330380 DEOPT UNPACKING pc=0x0000017451ff46a2 sp=0x0000004a541fc350 mode 2
Event: 0.995 Thread 0x0000017440330380 Uncommon trap: trap_request=0xffffff45 fr.pc=0x0000017452569844 relative=0x00000000000005a4
Event: 0.995 Thread 0x0000017440330380 Uncommon trap: reason=unstable_if action=reinterpret pc=0x0000017452569844 method=java.util.zip.ZipFile$Source.getEntryPos(Ljava/lang/String;Z)I @ 46 c2
Event: 0.995 Thread 0x0000017440330380 DEOPT PACKING pc=0x0000017452569844 sp=0x0000004a541fc370
Event: 0.995 Thread 0x0000017440330380 DEOPT UNPACKING pc=0x0000017451ff46a2 sp=0x0000004a541fc0c8 mode 2
Event: 0.995 Thread 0x0000017440330380 Uncommon trap: trap_request=0xffffff45 fr.pc=0x00000174525a9e7c relative=0x0000000000001f3c
Event: 0.995 Thread 0x0000017440330380 Uncommon trap: reason=unstable_if action=reinterpret pc=0x00000174525a9e7c method=java.net.URLStreamHandler.parseURL(Ljava/net/URL;Ljava/lang/String;II)V @ 133 c2
Event: 0.995 Thread 0x0000017440330380 DEOPT PACKING pc=0x00000174525a9e7c sp=0x0000004a541fc270
Event: 0.995 Thread 0x0000017440330380 DEOPT UNPACKING pc=0x0000017451ff46a2 sp=0x0000004a541fc200 mode 2

Classes loaded (20 events):
Event: 1.016 Loading class java/time/zone/ZoneRulesProvider
Event: 1.016 Loading class java/time/zone/ZoneRulesProvider done
Event: 1.017 Loading class java/time/zone/ZoneRulesProvider$1
Event: 1.017 Loading class java/time/zone/ZoneRulesProvider$1 done
Event: 1.017 Loading class java/time/zone/TzdbZoneRulesProvider
Event: 1.018 Loading class java/time/zone/TzdbZoneRulesProvider done
Event: 1.023 Loading class java/time/zone/Ser
Event: 1.024 Loading class java/io/Externalizable
Event: 1.024 Loading class java/io/Externalizable done
Event: 1.024 Loading class java/time/zone/Ser done
Event: 1.026 Loading class java/time/Month
Event: 1.026 Loading class java/time/Month done
Event: 1.026 Loading class java/time/DayOfWeek
Event: 1.027 Loading class java/time/DayOfWeek done
Event: 1.027 Loading class java/time/zone/ZoneOffsetTransitionRule$TimeDefinition
Event: 1.027 Loading class java/time/zone/ZoneOffsetTransitionRule$TimeDefinition done
Event: 1.027 Loading class java/time/zone/ZoneOffsetTransition
Event: 1.027 Loading class java/time/zone/ZoneOffsetTransition done
Event: 1.028 Loading class java/time/temporal/TemporalAdjusters
Event: 1.028 Loading class java/time/temporal/TemporalAdjusters done

Classes unloaded (0 events):
No events

Classes redefined (0 events):
No events

Internal exceptions (8 events):
Event: 0.115 Thread 0x0000017440330380 Exception <a 'java/lang/NoSuchMethodError'{0x000000009772ce10}: 'int java.lang.invoke.DirectMethodHandle$Holder.invokeStaticInit(java.lang.Object, java.lang.Object, java.lang.Object, java.lang.Object)'> (0x000000009772ce10) 
thrown [s\open\src\hotspot\share\interpreter\linkResolver.cpp, line 773]
Event: 0.118 Thread 0x0000017440330380 Exception <a 'java/lang/NoSuchMethodError'{0x0000000097736810}: 'java.lang.Object java.lang.invoke.DirectMethodHandle$Holder.invokeInterface(java.lang.Object, java.lang.Object)'> (0x0000000097736810) 
thrown [s\open\src\hotspot\share\interpreter\linkResolver.cpp, line 773]
Event: 0.118 Thread 0x0000017440330380 Exception <a 'java/lang/IncompatibleClassChangeError'{0x0000000097739b08}: Found class java.lang.Object, but interface was expected> (0x0000000097739b08) 
thrown [s\open\src\hotspot\share\interpreter\linkResolver.cpp, line 840]
Event: 0.119 Thread 0x0000017440330380 Exception <a 'java/lang/NoSuchMethodError'{0x000000009773c6e8}: 'void java.lang.invoke.DirectMethodHandle$Holder.invokeStatic(java.lang.Object, java.lang.Object)'> (0x000000009773c6e8) 
thrown [s\open\src\hotspot\share\interpreter\linkResolver.cpp, line 773]
Event: 0.120 Thread 0x0000017440330380 Exception <a 'java/lang/NoSuchMethodError'{0x000000009773fab8}: 'void java.lang.invoke.DirectMethodHandle$Holder.invokeStaticInit(java.lang.Object, java.lang.Object)'> (0x000000009773fab8) 
thrown [s\open\src\hotspot\share\interpreter\linkResolver.cpp, line 773]
Event: 0.121 Thread 0x0000017440330380 Exception <a 'java/lang/NoSuchMethodError'{0x0000000097746da8}: 'int java.lang.invoke.DirectMethodHandle$Holder.invokeStaticInit(java.lang.Object, java.lang.Object)'> (0x0000000097746da8) 
thrown [s\open\src\hotspot\share\interpreter\linkResolver.cpp, line 773]
Event: 0.964 Thread 0x0000017440330380 Implicit null exception at 0x000001745259fd04 to 0x00000174525a0854
Event: 1.029 Thread 0x0000017440330380 Exception <a 'java/lang/NoSuchMethodError'{0x00000000972ee698}: 'java.lang.Object java.lang.invoke.DirectMethodHandle$Holder.invokeStatic(java.lang.Object, int, java.lang.Object)'> (0x00000000972ee698) 
thrown [s\open\src\hotspot\share\interpreter\linkResolver.cpp, line 773]

ZGC Phase Switch (0 events):
No events

VM Operations (6 events):
Event: 0.086 Executing VM operation: HandshakeAllThreads (Deoptimize)
Event: 0.086 Executing VM operation: HandshakeAllThreads (Deoptimize) done
Event: 0.168 Executing VM operation: HandshakeAllThreads (Deoptimize)
Event: 0.168 Executing VM operation: HandshakeAllThreads (Deoptimize) done
Event: 0.716 Executing VM operation: G1CollectForAllocation (G1 Evacuation Pause)
Event: 0.721 Executing VM operation: G1CollectForAllocation (G1 Evacuation Pause) done

Events (13 events):
Event: 0.026 Thread 0x0000017440330380 Thread added: 0x0000017440330380
Event: 0.042 Thread 0x000001745e228980 Thread added: 0x000001745e228980
Event: 0.042 Thread 0x000001745e229eb0 Thread added: 0x000001745e229eb0
Event: 0.042 Thread 0x000001745e231720 Thread added: 0x000001745e231720
Event: 0.042 Thread 0x000001745e234190 Thread added: 0x000001745e234190
Event: 0.042 Thread 0x000001745e235410 Thread added: 0x000001745e235410
Event: 0.042 Thread 0x000001745e237fb0 Thread added: 0x000001745e237fb0
Event: 0.042 Thread 0x000001745e246390 Thread added: 0x000001745e246390
Event: 0.042 Thread 0x000001745e2480a0 Thread added: 0x000001745e2480a0
Event: 0.067 Thread 0x000001745e4cc670 Thread added: 0x000001745e4cc670
Event: 0.070 Thread 0x000001745e4ceeb0 Thread added: 0x000001745e4ceeb0
Event: 0.096 Thread 0x000001745e500b70 Thread added: 0x000001745e500b70
Event: 0.679 Thread 0x000001745ebad820 Thread added: 0x000001745ebad820


Dynamic libraries:
0x00007ff7f6230000 - 0x00007ff7f6240000 	C:\Program Files\Java\jdk-21\bin\java.exe
0x00007ff942be0000 - 0x00007ff942de9000 	C:\WINDOWS\SYSTEM32\ntdll.dll
0x00007ff941a10000 - 0x00007ff941acd000 	C:\WINDOWS\System32\KERNEL32.DLL
0x00007ff940250000 - 0x00007ff9405d5000 	C:\WINDOWS\System32\KERNELBASE.dll
0x00007ff940070000 - 0x00007ff940181000 	C:\WINDOWS\System32\ucrtbase.dll
0x00007ff91f970000 - 0x00007ff91f989000 	C:\Program Files\Java\jdk-21\bin\jli.dll
0x00007ff91f7c0000 - 0x00007ff91f7db000 	C:\Program Files\Java\jdk-21\bin\VCRUNTIME140.dll
0x00007ff940e20000 - 0x00007ff940ed0000 	C:\WINDOWS\System32\ADVAPI32.dll
0x00007ff940ed0000 - 0x00007ff940f73000 	C:\WINDOWS\System32\msvcrt.dll
0x00007ff941b40000 - 0x00007ff941bde000 	C:\WINDOWS\System32\sechost.dll
0x00007ff942a10000 - 0x00007ff942b32000 	C:\WINDOWS\System32\RPCRT4.dll
0x00007ff940bc0000 - 0x00007ff940d6d000 	C:\WINDOWS\System32\USER32.dll
0x00007ff9407f0000 - 0x00007ff940816000 	C:\WINDOWS\System32\win32u.dll
0x00007ff9429e0000 - 0x00007ff942a0a000 	C:\WINDOWS\System32\GDI32.dll
0x00007ff9406d0000 - 0x00007ff9407ee000 	C:\WINDOWS\System32\gdi32full.dll
0x00007ff940820000 - 0x00007ff9408bd000 	C:\WINDOWS\System32\msvcp_win.dll
0x00007ff926600000 - 0x00007ff9268a5000 	C:\WINDOWS\WinSxS\amd64_microsoft.windows.common-controls_6595b64144ccf1df_6.0.22000.2600_none_1b65155c6ae217ae\COMCTL32.dll
0x00007ff939430000 - 0x00007ff93943a000 	C:\WINDOWS\SYSTEM32\VERSION.dll
0x00007ff9417f0000 - 0x00007ff941821000 	C:\WINDOWS\System32\IMM32.DLL
0x00007ff91f960000 - 0x00007ff91f96c000 	C:\Program Files\Java\jdk-21\bin\vcruntime140_1.dll
0x00007ff909280000 - 0x00007ff90930e000 	C:\Program Files\Java\jdk-21\bin\msvcp140.dll
0x00007ff8b48c0000 - 0x00007ff8b55d5000 	C:\Program Files\Java\jdk-21\bin\server\jvm.dll
0x00007ff942950000 - 0x00007ff9429bf000 	C:\WINDOWS\System32\WS2_32.dll
0x00007ff93f860000 - 0x00007ff93f8ad000 	C:\WINDOWS\SYSTEM32\POWRPROF.dll
0x00007ff9352d0000 - 0x00007ff935303000 	C:\WINDOWS\SYSTEM32\WINMM.dll
0x00007ff93f7b0000 - 0x00007ff93f7c3000 	C:\WINDOWS\SYSTEM32\UMPDC.dll
0x00007ff93f0b0000 - 0x00007ff93f0c8000 	C:\WINDOWS\SYSTEM32\kernel.appcore.dll
0x00007ff91f7b0000 - 0x00007ff91f7ba000 	C:\Program Files\Java\jdk-21\bin\jimage.dll
0x00007ff934490000 - 0x00007ff9346b1000 	C:\WINDOWS\SYSTEM32\DBGHELP.DLL
0x00007ff929740000 - 0x00007ff929771000 	C:\WINDOWS\SYSTEM32\dbgcore.DLL
0x00007ff940650000 - 0x00007ff9406cf000 	C:\WINDOWS\System32\bcryptPrimitives.dll
0x00007ff91f790000 - 0x00007ff91f7af000 	C:\Program Files\Java\jdk-21\bin\java.dll
0x00007ff942180000 - 0x00007ff942945000 	C:\WINDOWS\System32\SHELL32.dll
0x00007ff93e110000 - 0x00007ff93e972000 	C:\WINDOWS\SYSTEM32\windows.storage.dll
0x00007ff941e00000 - 0x00007ff942176000 	C:\WINDOWS\System32\combase.dll
0x00007ff93dfa0000 - 0x00007ff93e107000 	C:\WINDOWS\SYSTEM32\wintypes.dll
0x00007ff941920000 - 0x00007ff941a0a000 	C:\WINDOWS\System32\SHCORE.dll
0x00007ff941be0000 - 0x00007ff941c3d000 	C:\WINDOWS\System32\shlwapi.dll
0x00007ff93ffa0000 - 0x00007ff93ffc5000 	C:\WINDOWS\SYSTEM32\profapi.dll
0x00007ff904230000 - 0x00007ff904307000 	C:\Program Files\Java\jdk-21\bin\jsvml.dll
0x00007ff91f780000 - 0x00007ff91f790000 	C:\Program Files\Java\jdk-21\bin\net.dll
0x00007ff93a410000 - 0x00007ff93a524000 	C:\WINDOWS\SYSTEM32\WINHTTP.dll
0x00007ff93f5b0000 - 0x00007ff93f617000 	C:\WINDOWS\system32\mswsock.dll
0x00007ff91f760000 - 0x00007ff91f776000 	C:\Program Files\Java\jdk-21\bin\nio.dll
0x00007ff91ed80000 - 0x00007ff91ed98000 	C:\Program Files\Java\jdk-21\bin\zip.dll
0x00000174405c0000 - 0x00000174405c3000 	C:\Program Files\Java\jdk-21\bin\api-ms-win-crt-locale-l1-1-0.dll
0x00000174405d0000 - 0x00000174405d4000 	C:\Program Files\Java\jdk-21\bin\api-ms-win-crt-string-l1-1-0.dll
0x00000174405e0000 - 0x00000174405e4000 	C:\Program Files\Java\jdk-21\bin\api-ms-win-crt-stdio-l1-1-0.dll
0x00000174405f0000 - 0x00000174405f5000 	C:\Program Files\Java\jdk-21\bin\api-ms-win-crt-math-l1-1-0.dll
0x0000017440600000 - 0x0000017440603000 	C:\Program Files\Java\jdk-21\bin\api-ms-win-crt-heap-l1-1-0.dll
0x0000017440610000 - 0x0000017440614000 	C:\Program Files\Java\jdk-21\bin\api-ms-win-crt-runtime-l1-1-0.dll
0x0000017440620000 - 0x0000017440624000 	C:\Program Files\Java\jdk-21\bin\api-ms-win-crt-convert-l1-1-0.dll
0x0000017442510000 - 0x0000017442513000 	C:\Program Files\Java\jdk-21\bin\api-ms-win-crt-environment-l1-1-0.dll
0x0000017442520000 - 0x0000017442523000 	C:\Program Files\Java\jdk-21\bin\api-ms-win-crt-time-l1-1-0.dll
0x0000017442530000 - 0x0000017442533000 	C:\Program Files\Java\jdk-21\bin\api-ms-win-crt-filesystem-l1-1-0.dll
0x0000017442540000 - 0x0000017442543000 	C:\Program Files\Java\jdk-21\bin\api-ms-win-crt-utility-l1-1-0.dll
0x0000017442550000 - 0x0000017442555000 	C:\Program Files\Java\jdk-21\bin\api-ms-win-crt-multibyte-l1-1-0.dll
0x0000017442560000 - 0x0000017442563000 	C:\Program Files\Java\jdk-21\bin\api-ms-win-crt-conio-l1-1-0.dll
0x0000017442570000 - 0x0000017442580000 	C:\Program Files\Java\jdk-21\bin\api-ms-win-crt-private-l1-1-0.dll
0x0000017442580000 - 0x0000017442583000 	C:\Program Files\Java\jdk-21\bin\api-ms-win-crt-process-l1-1-0.dll
0x0000017442590000 - 0x0000017442593000 	C:\Program Files\Java\jdk-21\bin\api-ms-win-core-console-l1-2-0.dll
0x00000174425a0000 - 0x00000174425a3000 	C:\Program Files\Java\jdk-21\bin\api-ms-win-core-string-l1-1-0.dll
0x00000174425b0000 - 0x00000174425b3000 	C:\Program Files\Java\jdk-21\bin\api-ms-win-core-errorhandling-l1-1-0.dll
0x00000174425c0000 - 0x00000174425c3000 	C:\Program Files\Java\jdk-21\bin\api-ms-win-core-timezone-l1-1-0.dll
0x00000174425d0000 - 0x00000174425d4000 	C:\Program Files\Java\jdk-21\bin\api-ms-win-core-file-l1-1-0.dll
0x000001745efc0000 - 0x000001745efc3000 	C:\Program Files\Java\jdk-21\bin\api-ms-win-core-namedpipe-l1-1-0.dll
0x000001745efd0000 - 0x000001745efd3000 	C:\Program Files\Java\jdk-21\bin\api-ms-win-core-handle-l1-1-0.dll
0x000001745efe0000 - 0x000001745efe3000 	C:\Program Files\Java\jdk-21\bin\api-ms-win-core-file-l2-1-0.dll
0x000001745eff0000 - 0x000001745eff3000 	C:\Program Files\Java\jdk-21\bin\api-ms-win-core-heap-l1-1-0.dll
0x00000174a4000000 - 0x00000174a4003000 	C:\Program Files\Java\jdk-21\bin\api-ms-win-core-libraryloader-l1-1-0.dll
0x00000174a4010000 - 0x00000174a4013000 	C:\Program Files\Java\jdk-21\bin\api-ms-win-core-synch-l1-1-0.dll
0x00000174a4020000 - 0x00000174a4023000 	C:\Program Files\Java\jdk-21\bin\api-ms-win-core-processthreads-l1-1-0.dll
0x00000174a4030000 - 0x00000174a4033000 	C:\Program Files\Java\jdk-21\bin\api-ms-win-core-processenvironment-l1-1-0.dll
0x00000174a4040000 - 0x00000174a4043000 	C:\Program Files\Java\jdk-21\bin\api-ms-win-core-datetime-l1-1-0.dll
0x00000174a4050000 - 0x00000174a4053000 	C:\Program Files\Java\jdk-21\bin\api-ms-win-core-localization-l1-2-0.dll
0x00000174a4060000 - 0x00000174a4063000 	C:\Program Files\Java\jdk-21\bin\api-ms-win-core-sysinfo-l1-1-0.dll
0x00000174a4070000 - 0x00000174a4073000 	C:\Program Files\Java\jdk-21\bin\api-ms-win-core-synch-l1-2-0.dll
0x00000174a4080000 - 0x00000174a4083000 	C:\Program Files\Java\jdk-21\bin\api-ms-win-core-console-l1-1-0.dll
0x00000174a4090000 - 0x00000174a4093000 	C:\Program Files\Java\jdk-21\bin\api-ms-win-core-debug-l1-1-0.dll
0x00000174a40a0000 - 0x00000174a40a3000 	C:\Program Files\Java\jdk-21\bin\api-ms-win-core-rtlsupport-l1-1-0.dll
0x00000174a40b0000 - 0x00000174a40b3000 	C:\Program Files\Java\jdk-21\bin\api-ms-win-core-processthreads-l1-1-1.dll
0x00000174a40c0000 - 0x00000174a40c3000 	C:\Program Files\Java\jdk-21\bin\api-ms-win-core-file-l1-2-0.dll
0x00000174a40d0000 - 0x00000174a40d3000 	C:\Program Files\Java\jdk-21\bin\api-ms-win-core-profile-l1-1-0.dll
0x00000174a40e0000 - 0x00000174a40e3000 	C:\Program Files\Java\jdk-21\bin\api-ms-win-core-memory-l1-1-0.dll
0x00000174a50c0000 - 0x00000174a50c3000 	C:\Program Files\Java\jdk-21\bin\api-ms-win-core-util-l1-1-0.dll
0x00000174a50d0000 - 0x00000174a50d3000 	C:\Program Files\Java\jdk-21\bin\api-ms-win-core-interlocked-l1-1-0.dll
0x00007ff919b70000 - 0x00007ff919c70000 	C:\Program Files\Java\jdk-21\bin\ucrtbase.dll
0x00007ff92ef10000 - 0x00007ff92ef19000 	C:\Windows\System32\msvcp140_1.dll
0x00007ff929230000 - 0x00007ff92927e000 	C:\Windows\System32\concrt140.dll
0x00007ff92a510000 - 0x00007ff92a541000 	C:\Windows\System32\vcomp140.dll
0x00007ff91c850000 - 0x00007ff91c951000 	C:\Windows\System32\opengl32.dll
0x00007ff91f6c0000 - 0x00007ff91f6ed000 	C:\WINDOWS\SYSTEM32\GLU32.dll
0x00007ff93d830000 - 0x00007ff93d868000 	C:\WINDOWS\SYSTEM32\dxcore.dll
0x00007ff9005a0000 - 0x00007ff9007bd000 	C:\Users\Antoz\.javacpp\cache\jaylib-4.5.0-0.jar\com\raylib\windows-x86_64\jniRaylib.dll

dbghelp: loaded successfully - version: 4.0.5 - missing functions: none
symbol engine: initialized successfully - sym options: 0x614 - pdb path: .;C:\Program Files\Java\jdk-21\bin;C:\WINDOWS\SYSTEM32;C:\WINDOWS\WinSxS\amd64_microsoft.windows.common-controls_6595b64144ccf1df_6.0.22000.2600_none_1b65155c6ae217ae;C:\Program Files\Java\jdk-21\bin\server;C:\Users\Antoz\.javacpp\cache\jaylib-4.5.0-0.jar\com\raylib\windows-x86_64

VM Arguments:
jvm_args: -Dfile.encoding=UTF-8 -Duser.country=DE -Duser.language=de -Duser.variant 
java_command: Start
java_class_path (initial): C:\Users\Antoz\Desktop\Apps\Java-Client\app\build\classes\java\main;C:\Users\Antoz\Desktop\Apps\Java-Client\app\build\resources\main;C:\Users\Antoz\.gradle\caches\modules-2\files-2.1\uk.co.electronstudio.jaylib\jaylib\4.5.0-0\90c0d608df9bbd32f5f34683acc58cb433e94508\jaylib-4.5.0-0.jar;C:\Users\Antoz\.gradle\caches\modules-2\files-2.1\com.google.guava\guava\31.1-jre\60458f877d055d0c9114d9e1a2efb737b4bc282c\guava-31.1-jre.jar;C:\Users\Antoz\.gradle\caches\modules-2\files-2.1\com.google.guava\failureaccess\1.0.1\1dcf1de382a0bf95a3d8b0849546c88bac1292c9\failureaccess-1.0.1.jar;C:\Users\Antoz\.gradle\caches\modules-2\files-2.1\com.google.guava\listenablefuture\9999.0-empty-to-avoid-conflict-with-guava\b421526c5f297295adef1c886e5246c39d4ac629\listenablefuture-9999.0-empty-to-avoid-conflict-with-guava.jar;C:\Users\Antoz\.gradle\caches\modules-2\files-2.1\com.google.code.findbugs\jsr305\3.0.2\25ea2e8b0c338a877313bd4672d3fe056ea78f0d\jsr305-3.0.2.jar;C:\Users\Antoz\.gradle\caches\modules-2\files-2.1\org.checkerframework\checker-qual\3.12.0\d5692f0526415fcc6de94bb5bfbd3afd9dd3b3e5\checker-qual-3.12.0.jar;C:\Users\Antoz\.gradle\caches\modules-2\files-2.1\com.google.errorprone\error_prone_annotations\2.11.0\c5a0ace696d3f8b1c1d8cc036d8c03cc0cbe6b69\error_prone_annotations-2.11.0.jar;C:\Users\Antoz\.gradle\caches\modules-2\files-2.1\com.google.j2objc\j2objc-annotations\1.3\ba035118bc8bac37d7eff77700720999acd9986d\j2objc-annotations-1.3.jar
Launcher Type: SUN_STANDARD

[Global flags]
     intx CICompilerCount                          = 3                                         {product} {ergonomic}
     uint ConcGCThreads                            = 1                                         {product} {ergonomic}
     uint G1ConcRefinementThreads                  = 4                                         {product} {ergonomic}
   size_t G1HeapRegionSize                         = 1048576                                   {product} {ergonomic}
    uintx GCDrainStackTargetSize                   = 64                                        {product} {ergonomic}
   size_t InitialHeapSize                          = 117440512                                 {product} {ergonomic}
   size_t MarkStackSize                            = 4194304                                   {product} {ergonomic}
   size_t MaxHeapSize                              = 1868562432                                {product} {ergonomic}
   size_t MaxNewSize                               = 1120927744                                {product} {ergonomic}
   size_t MinHeapDeltaBytes                        = 1048576                                   {product} {ergonomic}
   size_t MinHeapSize                              = 8388608                                   {product} {ergonomic}
    uintx NonNMethodCodeHeapSize                   = 5832780                                {pd product} {ergonomic}
    uintx NonProfiledCodeHeapSize                  = 122912730                              {pd product} {ergonomic}
    uintx ProfiledCodeHeapSize                     = 122912730                              {pd product} {ergonomic}
    uintx ReservedCodeCacheSize                    = 251658240                              {pd product} {ergonomic}
     bool SegmentedCodeCache                       = true                                      {product} {ergonomic}
   size_t SoftMaxHeapSize                          = 1868562432                             {manageable} {ergonomic}
     bool UseCompressedOops                        = true                           {product lp64_product} {ergonomic}
     bool UseG1GC                                  = true                                      {product} {ergonomic}
     bool UseLargePagesIndividualAllocation        = false                                  {pd product} {ergonomic}

Logging:
Log output configuration:
 #0: stdout all=warning uptime,level,tags foldmultilines=false
 #1: stderr all=off uptime,level,tags foldmultilines=false

Environment Variables:
CLASSPATH=C:\Users\Antoz\Desktop\Apps\Java-Client\\gradle\wrapper\gradle-wrapper.jar
PATH=C:\Program Files\Common Files\Oracle\Java\javapath;C:\Program Files (x86)\Common Files\Oracle\Java\javapath;C:\WINDOWS\system32;C:\WINDOWS;C:\WINDOWS\System32\Wbem;C:\WINDOWS\System32\WindowsPowerShell\v1.0\;C:\WINDOWS\System32\OpenSSH\;C:\Program Files\Git\cmd;C:\Program Files\nodejs\;C:\Program Files\gradle-8.4-bin\gradle-8.4\bin;;C:\Program Files (x86)\NVIDIA Corporation\PhysX\Common;C:\Users\Antoz\AppData\Local\Microsoft\WindowsApps;C:\Users\Antoz\AppData\Local\GitHubDesktop\bin;C:\Users\Antoz\AppData\Roaming\npm;C:\Users\Antoz\AppData\Local\Programs\Microsoft VS Code\bin
USERNAME=Antoz
OS=Windows_NT
PROCESSOR_IDENTIFIER=Intel64 Family 6 Model 58 Stepping 9, GenuineIntel
TMP=C:\Users\Antoz\AppData\Local\Temp
TEMP=C:\Users\Antoz\AppData\Local\Temp




Periodic native trim disabled

---------------  S Y S T E M  ---------------

OS:
 Windows 11 , 64 bit Build 22000 (10.0.22000.2600)
OS uptime: 1 days 1:40 hours
Hyper-V role detected

CPU: total 4 (initial active 4) (4 cores per cpu, 1 threads per core) family 6 model 58 stepping 9 microcode 0x21, cx8, cmov, fxsr, mmx, sse, sse2, sse3, ssse3, sse4.1, sse4.2, popcnt, tsc, tscinvbit, avx, aes, erms, clmul, vzeroupper, clflush, hv, rdtscp, f16c
Processor Information for all 4 processors :
  Max Mhz: 3801, Current Mhz: 3801, Mhz Limit: 3801

Memory: 4k page, system-wide physical 7122M (1385M free)
TotalPageFile size 14034M (AvailPageFile size 2267M)
current process WorkingSet (physical memory assigned to process): 72M, peak: 77M
current process commit charge ("private bytes"): 204M, peak: 209M

vm_info: Java HotSpot(TM) 64-Bit Server VM (21.0.1+12-LTS-29) for windows-amd64 JRE (21.0.1+12-LTS-29), built on 2023-10-05T13:27:09Z by "mach5one" with MS VC++ 17.1 (VS2022)

END.
